{"meta": {"format": 3, "version": "7.11.0", "timestamp": "2025-10-29T17:25:18.960165", "branch_coverage": false, "show_contexts": false}, "files": {"aura_compression/network_aware_compression.py": {"executed_lines": [], "summary": {"covered_lines": 0, "num_statements": 152, "percent_covered": 0.0, "percent_covered_display": "0", "missing_lines": 152, "excluded_lines": 0}, "missing_lines": [3, 4, 5, 6, 7, 8, 9, 10, 12, 14, 15, 16, 17, 18, 20, 22, 23, 24, 25, 26, 28, 31, 32, 33, 34, 35, 38, 39, 40, 41, 44, 46, 48, 49, 50, 51, 52, 54, 56, 57, 58, 59, 60, 62, 64, 65, 66, 68, 69, 70, 71, 72, 73, 74, 75, 77, 79, 89, 90, 91, 94, 103, 137, 138, 141, 149, 159, 162, 163, 166, 169, 171, 172, 173, 184, 186, 189, 191, 192, 193, 202, 207, 216, 218, 219, 220, 222, 223, 225, 227, 231, 233, 235, 237, 238, 239, 242, 245, 246, 249, 251, 252, 253, 263, 264, 266, 268, 270, 271, 272, 274, 275, 276, 279, 280, 281, 283, 284, 286, 288, 289, 291, 293, 295, 298, 299, 300, 301, 303, 304, 306, 307, 309, 313, 315, 316, 319, 321, 324, 326, 328, 330, 332, 333, 335, 348, 351, 352, 355, 357, 359, 360], "excluded_lines": [], "functions": {"NetworkMetrics.__init__": {"executed_lines": [], "summary": {"covered_lines": 0, "num_statements": 9, "percent_covered": 0.0, "percent_covered_display": "0", "missing_lines": 9, "excluded_lines": 0}, "missing_lines": [32, 33, 34, 35, 38, 39, 40, 41, 44], "excluded_lines": []}, "NetworkMetrics.update_latency": {"executed_lines": [], "summary": {"covered_lines": 0, "num_statements": 5, "percent_covered": 0.0, "percent_covered_display": "0", "missing_lines": 5, "excluded_lines": 0}, "missing_lines": [48, 49, 50, 51, 52], "excluded_lines": []}, "NetworkMetrics.update_bandwidth": {"executed_lines": [], "summary": {"covered_lines": 0, "num_statements": 5, "percent_covered": 0.0, "percent_covered_display": "0", "missing_lines": 5, "excluded_lines": 0}, "missing_lines": [56, 57, 58, 59, 60], "excluded_lines": []}, "NetworkMetrics.get_condition": {"executed_lines": [], "summary": {"covered_lines": 0, "num_statements": 12, "percent_covered": 0.0, "percent_covered_display": "0", "missing_lines": 12, "excluded_lines": 0}, "missing_lines": [64, 65, 66, 68, 69, 70, 71, 72, 73, 74, 75, 77], "excluded_lines": []}, "NetworkAwareCompressor.__init__": {"executed_lines": [], "summary": {"covered_lines": 0, "num_statements": 7, "percent_covered": 0.0, "percent_covered_display": "0", "missing_lines": 7, "excluded_lines": 0}, "missing_lines": [90, 91, 94, 103, 137, 138, 141], "excluded_lines": []}, "NetworkAwareCompressor.compress_network_aware": {"executed_lines": [], "summary": {"covered_lines": 0, "num_statements": 23, "percent_covered": 0.0, "percent_covered_display": "0", "missing_lines": 23, "excluded_lines": 0}, "missing_lines": [159, 162, 163, 166, 169, 171, 172, 173, 184, 186, 189, 191, 192, 193, 202, 207, 216, 218, 219, 220, 222, 223, 225], "excluded_lines": []}, "NetworkAwareCompressor._compress_with_strategy": {"executed_lines": [], "summary": {"covered_lines": 0, "num_statements": 16, "percent_covered": 0.0, "percent_covered_display": "0", "missing_lines": 16, "excluded_lines": 0}, "missing_lines": [231, 233, 235, 237, 238, 239, 242, 245, 246, 249, 251, 252, 253, 263, 264, 266], "excluded_lines": []}, "NetworkAwareCompressor._start_network_monitoring": {"executed_lines": [], "summary": {"covered_lines": 0, "num_statements": 3, "percent_covered": 0.0, "percent_covered_display": "0", "missing_lines": 3, "excluded_lines": 0}, "missing_lines": [270, 288, 289], "excluded_lines": []}, "NetworkAwareCompressor._start_network_monitoring.monitor_network": {"executed_lines": [], "summary": {"covered_lines": 0, "num_statements": 11, "percent_covered": 0.0, "percent_covered_display": "0", "missing_lines": 11, "excluded_lines": 0}, "missing_lines": [271, 272, 274, 275, 276, 279, 280, 281, 283, 284, 286], "excluded_lines": []}, "NetworkAwareCompressor._measure_latency": {"executed_lines": [], "summary": {"covered_lines": 0, "num_statements": 10, "percent_covered": 0.0, "percent_covered_display": "0", "missing_lines": 10, "excluded_lines": 0}, "missing_lines": [293, 295, 298, 299, 300, 301, 303, 304, 306, 307], "excluded_lines": []}, "NetworkAwareCompressor._estimate_bandwidth": {"executed_lines": [], "summary": {"covered_lines": 0, "num_statements": 8, "percent_covered": 0.0, "percent_covered_display": "0", "missing_lines": 8, "excluded_lines": 0}, "missing_lines": [313, 315, 316, 319, 321, 324, 326, 328], "excluded_lines": []}, "NetworkAwareCompressor.get_network_stats": {"executed_lines": [], "summary": {"covered_lines": 0, "num_statements": 3, "percent_covered": 0.0, "percent_covered_display": "0", "missing_lines": 3, "excluded_lines": 0}, "missing_lines": [332, 333, 335], "excluded_lines": []}, "NetworkAwareCompressor.force_network_condition": {"executed_lines": [], "summary": {"covered_lines": 0, "num_statements": 3, "percent_covered": 0.0, "percent_covered_display": "0", "missing_lines": 3, "excluded_lines": 0}, "missing_lines": [351, 352, 355], "excluded_lines": []}, "NetworkAwareCompressor.reset_network_condition": {"executed_lines": [], "summary": {"covered_lines": 0, "num_statements": 2, "percent_covered": 0.0, "percent_covered_display": "0", "missing_lines": 2, "excluded_lines": 0}, "missing_lines": [359, 360], "excluded_lines": []}, "": {"executed_lines": [], "summary": {"covered_lines": 0, "num_statements": 35, "percent_covered": 0.0, "percent_covered_display": "0", "missing_lines": 35, "excluded_lines": 0}, "missing_lines": [3, 4, 5, 6, 7, 8, 9, 10, 12, 14, 15, 16, 17, 18, 20, 22, 23, 24, 25, 26, 28, 31, 46, 54, 62, 79, 89, 149, 227, 268, 291, 309, 330, 348, 357], "excluded_lines": []}}, "classes": {"NetworkCondition": {"executed_lines": [], "summary": {"covered_lines": 0, "num_statements": 0, "percent_covered": 100.0, "percent_covered_display": "100", "missing_lines": 0, "excluded_lines": 0}, "missing_lines": [], "excluded_lines": []}, "CompressionStrategy": {"executed_lines": [], "summary": {"covered_lines": 0, "num_statements": 0, "percent_covered": 100.0, "percent_covered_display": "100", "missing_lines": 0, "excluded_lines": 0}, "missing_lines": [], "excluded_lines": []}, "NetworkMetrics": {"executed_lines": [], "summary": {"covered_lines": 0, "num_statements": 31, "percent_covered": 0.0, "percent_covered_display": "0", "missing_lines": 31, "excluded_lines": 0}, "missing_lines": [32, 33, 34, 35, 38, 39, 40, 41, 44, 48, 49, 50, 51, 52, 56, 57, 58, 59, 60, 64, 65, 66, 68, 69, 70, 71, 72, 73, 74, 75, 77], "excluded_lines": []}, "NetworkAwareCompressor": {"executed_lines": [], "summary": {"covered_lines": 0, "num_statements": 86, "percent_covered": 0.0, "percent_covered_display": "0", "missing_lines": 86, "excluded_lines": 0}, "missing_lines": [90, 91, 94, 103, 137, 138, 141, 159, 162, 163, 166, 169, 171, 172, 173, 184, 186, 189, 191, 192, 193, 202, 207, 216, 218, 219, 220, 222, 223, 225, 231, 233, 235, 237, 238, 239, 242, 245, 246, 249, 251, 252, 253, 263, 264, 266, 270, 271, 272, 274, 275, 276, 279, 280, 281, 283, 284, 286, 288, 289, 293, 295, 298, 299, 300, 301, 303, 304, 306, 307, 313, 315, 316, 319, 321, 324, 326, 328, 332, 333, 335, 351, 352, 355, 359, 360], "excluded_lines": []}, "": {"executed_lines": [], "summary": {"covered_lines": 0, "num_statements": 35, "percent_covered": 0.0, "percent_covered_display": "0", "missing_lines": 35, "excluded_lines": 0}, "missing_lines": [3, 4, 5, 6, 7, 8, 9, 10, 12, 14, 15, 16, 17, 18, 20, 22, 23, 24, 25, 26, 28, 31, 46, 54, 62, 79, 89, 149, 227, 268, 291, 309, 330, 348, 357], "excluded_lines": []}}}, "setup.py": {"executed_lines": [], "summary": {"covered_lines": 0, "num_statements": 45, "percent_covered": 0.0, "percent_covered_display": "0", "missing_lines": 45, "excluded_lines": 0}, "missing_lines": [9, 10, 11, 12, 13, 16, 17, 18, 19, 20, 21, 22, 25, 26, 27, 28, 29, 30, 33, 34, 35, 36, 37, 38, 39, 40, 41, 43, 46, 48, 49, 50, 51, 52, 53, 56, 59, 60, 61, 64, 67, 101, 102, 103, 105], "excluded_lines": [], "functions": {"read_version": {"executed_lines": [], "summary": {"covered_lines": 0, "num_statements": 6, "percent_covered": 0.0, "percent_covered_display": "0", "missing_lines": 6, "excluded_lines": 0}, "missing_lines": [17, 18, 19, 20, 21, 22], "excluded_lines": []}, "read_readme": {"executed_lines": [], "summary": {"covered_lines": 0, "num_statements": 5, "percent_covered": 0.0, "percent_covered_display": "0", "missing_lines": 5, "excluded_lines": 0}, "missing_lines": [26, 27, 28, 29, 30], "excluded_lines": []}, "read_requirements": {"executed_lines": [], "summary": {"covered_lines": 0, "num_statements": 8, "percent_covered": 0.0, "percent_covered_display": "0", "missing_lines": 8, "excluded_lines": 0}, "missing_lines": [34, 35, 36, 37, 38, 39, 40, 41], "excluded_lines": []}, "BuildExt.run": {"executed_lines": [], "summary": {"covered_lines": 0, "num_statements": 7, "percent_covered": 0.0, "percent_covered_display": "0", "missing_lines": 7, "excluded_lines": 0}, "missing_lines": [48, 49, 50, 51, 52, 53, 56], "excluded_lines": []}, "": {"executed_lines": [], "summary": {"covered_lines": 0, "num_statements": 19, "percent_covered": 0.0, "percent_covered_display": "0", "missing_lines": 19, "excluded_lines": 0}, "missing_lines": [9, 10, 11, 12, 13, 16, 25, 33, 43, 46, 59, 60, 61, 64, 67, 101, 102, 103, 105], "excluded_lines": []}}, "classes": {"BuildExt": {"executed_lines": [], "summary": {"covered_lines": 0, "num_statements": 7, "percent_covered": 0.0, "percent_covered_display": "0", "missing_lines": 7, "excluded_lines": 0}, "missing_lines": [48, 49, 50, 51, 52, 53, 56], "excluded_lines": []}, "": {"executed_lines": [], "summary": {"covered_lines": 0, "num_statements": 38, "percent_covered": 0.0, "percent_covered_display": "0", "missing_lines": 38, "excluded_lines": 0}, "missing_lines": [9, 10, 11, 12, 13, 16, 17, 18, 19, 20, 21, 22, 25, 26, 27, 28, 29, 30, 33, 34, 35, 36, 37, 38, 39, 40, 41, 43, 46, 59, 60, 61, 64, 67, 101, 102, 103, 105], "excluded_lines": []}}}, "src/python/aura_compression/__init__.py": {"executed_lines": [1, 15, 16, 17, 18, 20, 21, 22, 23, 24, 25, 26, 32, 33, 34, 36], "summary": {"covered_lines": 15, "num_statements": 15, "percent_covered": 100.0, "percent_covered_display": "100", "missing_lines": 0, "excluded_lines": 0}, "missing_lines": [], "excluded_lines": [], "functions": {"": {"executed_lines": [1, 15, 16, 17, 18, 20, 21, 22, 23, 24, 25, 26, 32, 33, 34, 36], "summary": {"covered_lines": 15, "num_statements": 15, "percent_covered": 100.0, "percent_covered_display": "100", "missing_lines": 0, "excluded_lines": 0}, "missing_lines": [], "excluded_lines": []}}, "classes": {"": {"executed_lines": [1, 15, 16, 17, 18, 20, 21, 22, 23, 24, 25, 26, 32, 33, 34, 36], "summary": {"covered_lines": 15, "num_statements": 15, "percent_covered": 100.0, "percent_covered_display": "100", "missing_lines": 0, "excluded_lines": 0}, "missing_lines": [], "excluded_lines": []}}}, "src/python/aura_compression/acceleration.py": {"executed_lines": [2, 7, 8, 9, 10, 11, 12, 15, 16, 17, 20, 21, 22, 23, 24, 26, 28, 31, 32, 33, 36, 37, 38, 39, 41, 43, 44, 47, 48, 52, 57, 58, 60, 67, 69, 70, 71, 72, 73, 75, 79, 86, 88, 90, 92, 102, 104, 107, 115, 116, 124, 137, 138, 139, 142, 145, 146, 147, 150, 151, 152, 153, 154, 157, 165, 166, 171, 173, 183, 184, 185, 187, 195, 202, 204, 205, 208, 210, 211, 212, 213, 214, 217, 218, 219, 227, 228, 230, 238, 239, 242, 245, 246, 248, 250, 257, 258, 260, 269, 284, 310, 319, 321, 325, 328, 329, 330, 332, 334, 335, 336, 337, 338, 346, 347, 348, 351, 352, 353, 354, 355, 358, 359, 363, 372, 414, 424, 440, 441, 446, 450, 467], "summary": {"covered_lines": 125, "num_statements": 181, "percent_covered": 69.06077348066299, "percent_covered_display": "69", "missing_lines": 56, "excluded_lines": 0}, "missing_lines": [81, 82, 83, 94, 95, 97, 98, 100, 221, 222, 223, 224, 225, 267, 279, 280, 281, 282, 291, 292, 293, 295, 317, 322, 368, 369, 370, 389, 392, 393, 396, 398, 400, 401, 402, 405, 408, 410, 411, 412, 422, 431, 432, 434, 435, 437, 447, 448, 457, 461, 463, 464, 465, 476, 477, 480], "excluded_lines": [], "functions": {"MetadataSignature.to_key": {"executed_lines": [28], "summary": {"covered_lines": 1, "num_statements": 1, "percent_covered": 100.0, "percent_covered_display": "100", "missing_lines": 0, "excluded_lines": 0}, "missing_lines": [], "excluded_lines": []}, "CachedResponse.touch": {"executed_lines": [43, 44], "summary": {"covered_lines": 2, "num_statements": 2, "percent_covered": 100.0, "percent_covered_display": "100", "missing_lines": 0, "excluded_lines": 0}, "missing_lines": [], "excluded_lines": []}, "LRUPatternCache.__init__": {"executed_lines": [57, 58], "summary": {"covered_lines": 2, "num_statements": 2, "percent_covered": 100.0, "percent_covered_display": "100", "missing_lines": 0, "excluded_lines": 0}, "missing_lines": [], "excluded_lines": []}, "LRUPatternCache.get": {"executed_lines": [67, 69, 70, 71, 72, 73], "summary": {"covered_lines": 6, "num_statements": 6, "percent_covered": 100.0, "percent_covered_display": "100", "missing_lines": 0, "excluded_lines": 0}, "missing_lines": [], "excluded_lines": []}, "LRUPatternCache.put": {"executed_lines": [79, 86, 88, 90], "summary": {"covered_lines": 4, "num_statements": 7, "percent_covered": 57.142857142857146, "percent_covered_display": "57", "missing_lines": 3, "excluded_lines": 0}, "missing_lines": [81, 82, 83], "excluded_lines": []}, "LRUPatternCache.get_hit_rate": {"executed_lines": [], "summary": {"covered_lines": 0, "num_statements": 5, "percent_covered": 0.0, "percent_covered_display": "0", "missing_lines": 5, "excluded_lines": 0}, "missing_lines": [94, 95, 97, 98, 100], "excluded_lines": []}, "LRUPatternCache.size": {"executed_lines": [104], "summary": {"covered_lines": 1, "num_statements": 1, "percent_covered": 100.0, "percent_covered_display": "100", "missing_lines": 0, "excluded_lines": 0}, "missing_lines": [], "excluded_lines": []}, "ConversationAccelerator.__init__": {"executed_lines": [137, 138, 139, 142, 145, 146, 147, 150, 151, 152, 153, 154, 157, 165, 166, 171], "summary": {"covered_lines": 16, "num_statements": 16, "percent_covered": 100.0, "percent_covered_display": "100", "missing_lines": 0, "excluded_lines": 0}, "missing_lines": [], "excluded_lines": []}, "ConversationAccelerator.extract_signature": {"executed_lines": [183, 184, 185, 187], "summary": {"covered_lines": 4, "num_statements": 4, "percent_covered": 100.0, "percent_covered_display": "100", "missing_lines": 0, "excluded_lines": 0}, "missing_lines": [], "excluded_lines": []}, "ConversationAccelerator.try_fast_path": {"executed_lines": [202, 204, 205, 208, 210, 211, 212, 213, 214, 217, 218, 219, 227, 228], "summary": {"covered_lines": 14, "num_statements": 19, "percent_covered": 73.6842105263158, "percent_covered_display": "74", "missing_lines": 5, "excluded_lines": 0}, "missing_lines": [221, 222, 223, 224, 225], "excluded_lines": []}, "ConversationAccelerator.cache_response": {"executed_lines": [238, 239, 242, 245, 246, 248], "summary": {"covered_lines": 6, "num_statements": 6, "percent_covered": 100.0, "percent_covered_display": "100", "missing_lines": 0, "excluded_lines": 0}, "missing_lines": [], "excluded_lines": []}, "ConversationAccelerator.get_hit_rate": {"executed_lines": [257, 258], "summary": {"covered_lines": 2, "num_statements": 2, "percent_covered": 100.0, "percent_covered_display": "100", "missing_lines": 0, "excluded_lines": 0}, "missing_lines": [], "excluded_lines": []}, "ConversationAccelerator.get_average_latency": {"executed_lines": [], "summary": {"covered_lines": 0, "num_statements": 1, "percent_covered": 0.0, "percent_covered_display": "0", "missing_lines": 1, "excluded_lines": 0}, "missing_lines": [267], "excluded_lines": []}, "ConversationAccelerator.get_speedup_factor": {"executed_lines": [], "summary": {"covered_lines": 0, "num_statements": 4, "percent_covered": 0.0, "percent_covered_display": "0", "missing_lines": 4, "excluded_lines": 0}, "missing_lines": [279, 280, 281, 282], "excluded_lines": []}, "ConversationAccelerator.get_metrics": {"executed_lines": [], "summary": {"covered_lines": 0, "num_statements": 4, "percent_covered": 0.0, "percent_covered_display": "0", "missing_lines": 4, "excluded_lines": 0}, "missing_lines": [291, 292, 293, 295], "excluded_lines": []}, "ConversationAccelerator.apply_temporal_decay": {"executed_lines": [], "summary": {"covered_lines": 0, "num_statements": 1, "percent_covered": 0.0, "percent_covered_display": "0", "missing_lines": 1, "excluded_lines": 0}, "missing_lines": [317], "excluded_lines": []}, "ConversationAccelerator._apply_speed_profile": {"executed_lines": [321, 325, 328, 329, 330, 332, 334, 335, 336, 337, 338, 346, 347, 348, 351, 352, 353, 354, 355], "summary": {"covered_lines": 19, "num_statements": 20, "percent_covered": 95.0, "percent_covered_display": "95", "missing_lines": 1, "excluded_lines": 0}, "missing_lines": [322], "excluded_lines": []}, "ConversationSession.__init__": {"executed_lines": [], "summary": {"covered_lines": 0, "num_statements": 3, "percent_covered": 0.0, "percent_covered_display": "0", "missing_lines": 3, "excluded_lines": 0}, "missing_lines": [368, 369, 370], "excluded_lines": []}, "ConversationSession.process_message": {"executed_lines": [], "summary": {"covered_lines": 0, "num_statements": 13, "percent_covered": 0.0, "percent_covered_display": "0", "missing_lines": 13, "excluded_lines": 0}, "missing_lines": [389, 392, 393, 396, 398, 400, 401, 402, 405, 408, 410, 411, 412], "excluded_lines": []}, "ConversationSession.get_progressive_speedup": {"executed_lines": [], "summary": {"covered_lines": 0, "num_statements": 1, "percent_covered": 0.0, "percent_covered_display": "0", "missing_lines": 1, "excluded_lines": 0}, "missing_lines": [422], "excluded_lines": []}, "ConversationSession.is_observable_speedup": {"executed_lines": [], "summary": {"covered_lines": 0, "num_statements": 5, "percent_covered": 0.0, "percent_covered_display": "0", "missing_lines": 5, "excluded_lines": 0}, "missing_lines": [431, 432, 434, 435, 437], "excluded_lines": []}, "PlatformWideAccelerator.__init__": {"executed_lines": [], "summary": {"covered_lines": 0, "num_statements": 2, "percent_covered": 0.0, "percent_covered_display": "0", "missing_lines": 2, "excluded_lines": 0}, "missing_lines": [447, 448], "excluded_lines": []}, "PlatformWideAccelerator.create_session": {"executed_lines": [], "summary": {"covered_lines": 0, "num_statements": 5, "percent_covered": 0.0, "percent_covered_display": "0", "missing_lines": 5, "excluded_lines": 0}, "missing_lines": [457, 461, 463, 464, 465], "excluded_lines": []}, "PlatformWideAccelerator.get_warmup_speedup": {"executed_lines": [], "summary": {"covered_lines": 0, "num_statements": 3, "percent_covered": 0.0, "percent_covered_display": "0", "missing_lines": 3, "excluded_lines": 0}, "missing_lines": [476, 477, 480], "excluded_lines": []}, "": {"executed_lines": [2, 7, 8, 9, 10, 11, 12, 15, 16, 17, 20, 21, 22, 23, 24, 26, 31, 32, 33, 36, 37, 38, 39, 41, 47, 48, 52, 60, 75, 92, 102, 107, 115, 116, 124, 173, 195, 230, 250, 260, 269, 284, 310, 319, 358, 359, 363, 372, 414, 424, 440, 441, 446, 450, 467], "summary": {"covered_lines": 48, "num_statements": 48, "percent_covered": 100.0, "percent_covered_display": "100", "missing_lines": 0, "excluded_lines": 0}, "missing_lines": [], "excluded_lines": []}}, "classes": {"MetadataSignature": {"executed_lines": [28], "summary": {"covered_lines": 1, "num_statements": 1, "percent_covered": 100.0, "percent_covered_display": "100", "missing_lines": 0, "excluded_lines": 0}, "missing_lines": [], "excluded_lines": []}, "CachedResponse": {"executed_lines": [43, 44], "summary": {"covered_lines": 2, "num_statements": 2, "percent_covered": 100.0, "percent_covered_display": "100", "missing_lines": 0, "excluded_lines": 0}, "missing_lines": [], "excluded_lines": []}, "LRUPatternCache": {"executed_lines": [57, 58, 67, 69, 70, 71, 72, 73, 79, 86, 88, 90, 104], "summary": {"covered_lines": 13, "num_statements": 21, "percent_covered": 61.904761904761905, "percent_covered_display": "62", "missing_lines": 8, "excluded_lines": 0}, "missing_lines": [81, 82, 83, 94, 95, 97, 98, 100], "excluded_lines": []}, "ConversationAccelerator": {"executed_lines": [137, 138, 139, 142, 145, 146, 147, 150, 151, 152, 153, 154, 157, 165, 166, 171, 183, 184, 185, 187, 202, 204, 205, 208, 210, 211, 212, 213, 214, 217, 218, 219, 227, 228, 238, 239, 242, 245, 246, 248, 257, 258, 321, 325, 328, 329, 330, 332, 334, 335, 336, 337, 338, 346, 347, 348, 351, 352, 353, 354, 355], "summary": {"covered_lines": 61, "num_statements": 77, "percent_covered": 79.22077922077922, "percent_covered_display": "79", "missing_lines": 16, "excluded_lines": 0}, "missing_lines": [221, 222, 223, 224, 225, 267, 279, 280, 281, 282, 291, 292, 293, 295, 317, 322], "excluded_lines": []}, "ConversationSession": {"executed_lines": [], "summary": {"covered_lines": 0, "num_statements": 22, "percent_covered": 0.0, "percent_covered_display": "0", "missing_lines": 22, "excluded_lines": 0}, "missing_lines": [368, 369, 370, 389, 392, 393, 396, 398, 400, 401, 402, 405, 408, 410, 411, 412, 422, 431, 432, 434, 435, 437], "excluded_lines": []}, "PlatformWideAccelerator": {"executed_lines": [], "summary": {"covered_lines": 0, "num_statements": 10, "percent_covered": 0.0, "percent_covered_display": "0", "missing_lines": 10, "excluded_lines": 0}, "missing_lines": [447, 448, 457, 461, 463, 464, 465, 476, 477, 480], "excluded_lines": []}, "": {"executed_lines": [2, 7, 8, 9, 10, 11, 12, 15, 16, 17, 20, 21, 22, 23, 24, 26, 31, 32, 33, 36, 37, 38, 39, 41, 47, 48, 52, 60, 75, 92, 102, 107, 115, 116, 124, 173, 195, 230, 250, 260, 269, 284, 310, 319, 358, 359, 363, 372, 414, 424, 440, 441, 446, 450, 467], "summary": {"covered_lines": 48, "num_statements": 48, "percent_covered": 100.0, "percent_covered_display": "100", "missing_lines": 0, "excluded_lines": 0}, "missing_lines": [], "excluded_lines": []}}}, "src/python/aura_compression/ai_large_file.py": {"executed_lines": [2, 26, 27, 28, 29, 30, 31, 32, 33, 34, 37, 38, 39, 47, 48, 49, 50, 51, 52, 53, 54, 55, 56, 57, 60, 61, 73, 82, 88, 95, 96, 98, 110, 167, 190, 208, 254, 272, 298, 338, 364, 379, 395, 421], "summary": {"covered_lines": 40, "num_statements": 197, "percent_covered": 20.304568527918782, "percent_covered_display": "20", "missing_lines": 157, "excluded_lines": 0}, "missing_lines": [40, 41, 42, 43, 44, 105, 106, 107, 108, 121, 124, 127, 130, 133, 134, 136, 137, 138, 141, 144, 147, 150, 151, 152, 154, 165, 170, 172, 173, 176, 179, 180, 183, 186, 188, 196, 199, 200, 201, 203, 204, 206, 219, 220, 222, 223, 224, 226, 227, 230, 231, 232, 233, 234, 237, 240, 241, 243, 245, 246, 247, 249, 250, 252, 256, 257, 259, 260, 261, 263, 269, 270, 282, 284, 285, 287, 288, 290, 293, 294, 296, 306, 307, 310, 313, 314, 315, 317, 318, 321, 322, 324, 325, 326, 327, 328, 329, 330, 332, 333, 334, 336, 340, 341, 343, 345, 347, 350, 351, 352, 353, 356, 357, 359, 360, 362, 366, 376, 377, 381, 382, 383, 385, 386, 387, 398, 399, 402, 403, 406, 408, 422, 423, 424, 427, 465, 467, 468, 469, 470, 471, 472, 473, 476, 487, 489, 490, 491, 492, 493, 494, 495, 497, 498, 499, 500, 501], "excluded_lines": [], "functions": {"AIDictEntry.__init__": {"executed_lines": [], "summary": {"covered_lines": 0, "num_statements": 5, "percent_covered": 0.0, "percent_covered_display": "0", "missing_lines": 5, "excluded_lines": 0}, "missing_lines": [40, 41, 42, 43, 44], "excluded_lines": []}, "AILargeFileCompressor.__init__": {"executed_lines": [], "summary": {"covered_lines": 0, "num_statements": 4, "percent_covered": 0.0, "percent_covered_display": "0", "missing_lines": 4, "excluded_lines": 0}, "missing_lines": [105, 106, 107, 108], "excluded_lines": []}, "AILargeFileCompressor.compress": {"executed_lines": [], "summary": {"covered_lines": 0, "num_statements": 17, "percent_covered": 0.0, "percent_covered_display": "0", "missing_lines": 17, "excluded_lines": 0}, "missing_lines": [121, 124, 127, 130, 133, 134, 136, 137, 138, 141, 144, 147, 150, 151, 152, 154, 165], "excluded_lines": []}, "AILargeFileCompressor.decompress": {"executed_lines": [], "summary": {"covered_lines": 0, "num_statements": 9, "percent_covered": 0.0, "percent_covered_display": "0", "missing_lines": 9, "excluded_lines": 0}, "missing_lines": [170, 172, 173, 176, 179, 180, 183, 186, 188], "excluded_lines": []}, "AILargeFileCompressor._detect_file_type": {"executed_lines": [], "summary": {"covered_lines": 0, "num_statements": 7, "percent_covered": 0.0, "percent_covered_display": "0", "missing_lines": 7, "excluded_lines": 0}, "missing_lines": [196, 199, 200, 201, 203, 204, 206], "excluded_lines": []}, "AILargeFileCompressor._mine_patterns": {"executed_lines": [], "summary": {"covered_lines": 0, "num_statements": 22, "percent_covered": 0.0, "percent_covered_display": "0", "missing_lines": 22, "excluded_lines": 0}, "missing_lines": [219, 220, 222, 223, 224, 226, 227, 230, 231, 232, 233, 234, 237, 240, 241, 243, 245, 246, 247, 249, 250, 252], "excluded_lines": []}, "AILargeFileCompressor._build_dictionary": {"executed_lines": [], "summary": {"covered_lines": 0, "num_statements": 8, "percent_covered": 0.0, "percent_covered_display": "0", "missing_lines": 8, "excluded_lines": 0}, "missing_lines": [256, 257, 259, 260, 261, 263, 269, 270], "excluded_lines": []}, "AILargeFileCompressor._semantic_chunk": {"executed_lines": [], "summary": {"covered_lines": 0, "num_statements": 9, "percent_covered": 0.0, "percent_covered_display": "0", "missing_lines": 9, "excluded_lines": 0}, "missing_lines": [282, 284, 285, 287, 288, 290, 293, 294, 296], "excluded_lines": []}, "AILargeFileCompressor._encode_semantic": {"executed_lines": [], "summary": {"covered_lines": 0, "num_statements": 21, "percent_covered": 0.0, "percent_covered_display": "0", "missing_lines": 21, "excluded_lines": 0}, "missing_lines": [306, 307, 310, 313, 314, 315, 317, 318, 321, 322, 324, 325, 326, 327, 328, 329, 330, 332, 333, 334, 336], "excluded_lines": []}, "AILargeFileCompressor._decode_semantic": {"executed_lines": [], "summary": {"covered_lines": 0, "num_statements": 14, "percent_covered": 0.0, "percent_covered_display": "0", "missing_lines": 14, "excluded_lines": 0}, "missing_lines": [340, 341, 343, 345, 347, 350, 351, 352, 353, 356, 357, 359, 360, 362], "excluded_lines": []}, "AILargeFileCompressor._serialize_dictionary": {"executed_lines": [], "summary": {"covered_lines": 0, "num_statements": 3, "percent_covered": 0.0, "percent_covered_display": "0", "missing_lines": 3, "excluded_lines": 0}, "missing_lines": [366, 376, 377], "excluded_lines": []}, "AILargeFileCompressor._deserialize_dictionary": {"executed_lines": [], "summary": {"covered_lines": 0, "num_statements": 6, "percent_covered": 0.0, "percent_covered_display": "0", "missing_lines": 6, "excluded_lines": 0}, "missing_lines": [381, 382, 383, 385, 386, 387], "excluded_lines": []}, "compare_with_traditional": {"executed_lines": [], "summary": {"covered_lines": 0, "num_statements": 6, "percent_covered": 0.0, "percent_covered_display": "0", "missing_lines": 6, "excluded_lines": 0}, "missing_lines": [398, 399, 402, 403, 406, 408], "excluded_lines": []}, "": {"executed_lines": [2, 26, 27, 28, 29, 30, 31, 32, 33, 34, 37, 38, 39, 47, 48, 49, 50, 51, 52, 53, 54, 55, 56, 57, 60, 61, 73, 82, 88, 95, 96, 98, 110, 167, 190, 208, 254, 272, 298, 338, 364, 379, 395, 421], "summary": {"covered_lines": 40, "num_statements": 66, "percent_covered": 60.60606060606061, "percent_covered_display": "61", "missing_lines": 26, "excluded_lines": 0}, "missing_lines": [422, 423, 424, 427, 465, 467, 468, 469, 470, 471, 472, 473, 476, 487, 489, 490, 491, 492, 493, 494, 495, 497, 498, 499, 500, 501], "excluded_lines": []}}, "classes": {"AIDictEntry": {"executed_lines": [], "summary": {"covered_lines": 0, "num_statements": 5, "percent_covered": 0.0, "percent_covered_display": "0", "missing_lines": 5, "excluded_lines": 0}, "missing_lines": [40, 41, 42, 43, 44], "excluded_lines": []}, "CompressionStats": {"executed_lines": [], "summary": {"covered_lines": 0, "num_statements": 0, "percent_covered": 100.0, "percent_covered_display": "100", "missing_lines": 0, "excluded_lines": 0}, "missing_lines": [], "excluded_lines": []}, "AILargeFileCompressor": {"executed_lines": [], "summary": {"covered_lines": 0, "num_statements": 120, "percent_covered": 0.0, "percent_covered_display": "0", "missing_lines": 120, "excluded_lines": 0}, "missing_lines": [105, 106, 107, 108, 121, 124, 127, 130, 133, 134, 136, 137, 138, 141, 144, 147, 150, 151, 152, 154, 165, 170, 172, 173, 176, 179, 180, 183, 186, 188, 196, 199, 200, 201, 203, 204, 206, 219, 220, 222, 223, 224, 226, 227, 230, 231, 232, 233, 234, 237, 240, 241, 243, 245, 246, 247, 249, 250, 252, 256, 257, 259, 260, 261, 263, 269, 270, 282, 284, 285, 287, 288, 290, 293, 294, 296, 306, 307, 310, 313, 314, 315, 317, 318, 321, 322, 324, 325, 326, 327, 328, 329, 330, 332, 333, 334, 336, 340, 341, 343, 345, 347, 350, 351, 352, 353, 356, 357, 359, 360, 362, 366, 376, 377, 381, 382, 383, 385, 386, 387], "excluded_lines": []}, "": {"executed_lines": [2, 26, 27, 28, 29, 30, 31, 32, 33, 34, 37, 38, 39, 47, 48, 49, 50, 51, 52, 53, 54, 55, 56, 57, 60, 61, 73, 82, 88, 95, 96, 98, 110, 167, 190, 208, 254, 272, 298, 338, 364, 379, 395, 421], "summary": {"covered_lines": 40, "num_statements": 72, "percent_covered": 55.55555555555556, "percent_covered_display": "56", "missing_lines": 32, "excluded_lines": 0}, "missing_lines": [398, 399, 402, 403, 406, 408, 422, 423, 424, 427, 465, 467, 468, 469, 470, 471, 472, 473, 476, 487, 489, 490, 491, 492, 493, 494, 495, 497, 498, 499, 500, 501], "excluded_lines": []}}}, "src/python/aura_compression/appendix_c_templates.py": {"executed_lines": [2, 16, 17, 20, 21, 22, 23, 24, 25, 26, 27, 28, 36, 54, 72, 90, 108, 126, 144, 162, 180, 198, 216, 243, 244, 245, 246, 247, 248, 249, 250, 251, 252, 253, 254, 262, 775, 794, 804, 822, 830, 836, 859], "summary": {"covered_lines": 41, "num_statements": 87, "percent_covered": 47.12643678160919, "percent_covered_display": "47", "missing_lines": 46, "excluded_lines": 0}, "missing_lines": [796, 797, 798, 799, 801, 806, 807, 809, 810, 812, 813, 814, 815, 817, 819, 824, 825, 826, 827, 832, 833, 838, 840, 841, 842, 843, 845, 860, 861, 862, 863, 864, 865, 866, 867, 868, 869, 870, 871, 872, 875, 876, 877, 878, 879, 880], "excluded_lines": [], "functions": {"get_template": {"executed_lines": [], "summary": {"covered_lines": 0, "num_statements": 5, "percent_covered": 0.0, "percent_covered_display": "0", "missing_lines": 5, "excluded_lines": 0}, "missing_lines": [796, 797, 798, 799, 801], "excluded_lines": []}, "get_category_templates": {"executed_lines": [], "summary": {"covered_lines": 0, "num_statements": 10, "percent_covered": 0.0, "percent_covered_display": "0", "missing_lines": 10, "excluded_lines": 0}, "missing_lines": [806, 807, 809, 810, 812, 813, 814, 815, 817, 819], "excluded_lines": []}, "get_all_templates": {"executed_lines": [], "summary": {"covered_lines": 0, "num_statements": 4, "percent_covered": 0.0, "percent_covered_display": "0", "missing_lines": 4, "excluded_lines": 0}, "missing_lines": [824, 825, 826, 827], "excluded_lines": []}, "get_slot_count": {"executed_lines": [], "summary": {"covered_lines": 0, "num_statements": 2, "percent_covered": 0.0, "percent_covered_display": "0", "missing_lines": 2, "excluded_lines": 0}, "missing_lines": [832, 833], "excluded_lines": []}, "get_template_stats": {"executed_lines": [], "summary": {"covered_lines": 0, "num_statements": 6, "percent_covered": 0.0, "percent_covered_display": "0", "missing_lines": 6, "excluded_lines": 0}, "missing_lines": [838, 840, 841, 842, 843, 845], "excluded_lines": []}, "": {"executed_lines": [2, 16, 17, 20, 21, 22, 23, 24, 25, 26, 27, 28, 36, 54, 72, 90, 108, 126, 144, 162, 180, 198, 216, 243, 244, 245, 246, 247, 248, 249, 250, 251, 252, 253, 254, 262, 775, 794, 804, 822, 830, 836, 859], "summary": {"covered_lines": 41, "num_statements": 60, "percent_covered": 68.33333333333333, "percent_covered_display": "68", "missing_lines": 19, "excluded_lines": 0}, "missing_lines": [860, 861, 862, 863, 864, 865, 866, 867, 868, 869, 870, 871, 872, 875, 876, 877, 878, 879, 880], "excluded_lines": []}}, "classes": {"TemplateSpec": {"executed_lines": [], "summary": {"covered_lines": 0, "num_statements": 0, "percent_covered": 100.0, "percent_covered_display": "100", "missing_lines": 0, "excluded_lines": 0}, "missing_lines": [], "excluded_lines": []}, "": {"executed_lines": [2, 16, 17, 20, 21, 22, 23, 24, 25, 26, 27, 28, 36, 54, 72, 90, 108, 126, 144, 162, 180, 198, 216, 243, 244, 245, 246, 247, 248, 249, 250, 251, 252, 253, 254, 262, 775, 794, 804, 822, 830, 836, 859], "summary": {"covered_lines": 41, "num_statements": 87, "percent_covered": 47.12643678160919, "percent_covered_display": "47", "missing_lines": 46, "excluded_lines": 0}, "missing_lines": [796, 797, 798, 799, 801, 806, 807, 809, 810, 812, 813, 814, 815, 817, 819, 824, 825, 826, 827, 832, 833, 838, 840, 841, 842, 843, 845, 860, 861, 862, 863, 864, 865, 866, 867, 868, 869, 870, 871, 872, 875, 876, 877, 878, 879, 880], "excluded_lines": []}}}, "src/python/aura_compression/audit.py": {"executed_lines": [2, 6, 7, 8, 9, 10, 11, 12, 13, 14, 17, 18, 19, 20, 21, 22, 25, 26, 27, 31, 32, 33, 36, 37, 38, 41, 42, 43, 44, 47, 48, 49, 50, 51, 54, 56, 58, 60, 61, 62, 64, 65, 67, 69, 70, 71, 72, 73, 76, 79, 81, 86, 93, 94, 97, 105, 108, 110, 112, 113, 114, 116, 117, 119, 120, 121, 122, 128, 134, 135, 137, 151, 152, 155, 157, 159, 174, 177, 180, 182, 184, 199, 200, 202, 204, 217, 218, 219, 221, 223, 235, 236, 238, 240, 242, 252, 253, 254, 256, 258, 278, 279, 281, 283, 295, 296, 297, 299, 301, 305, 307, 309, 310, 312, 319, 320, 323, 324, 326, 327, 328, 329, 330, 332, 335, 339, 341, 360, 361, 364, 365, 366, 367, 368, 371, 373, 376, 378, 379, 383, 387, 390, 393, 394, 395, 398, 401], "summary": {"covered_lines": 143, "num_statements": 155, "percent_covered": 92.25806451612904, "percent_covered_display": "92", "missing_lines": 12, "excluded_lines": 0}, "missing_lines": [123, 124, 126, 321, 333, 336, 337, 362, 372, 374, 380, 381], "excluded_lines": [], "functions": {"AuditEntry.to_json": {"executed_lines": [58, 60, 61, 62], "summary": {"covered_lines": 4, "num_statements": 4, "percent_covered": 100.0, "percent_covered_display": "100", "missing_lines": 0, "excluded_lines": 0}, "missing_lines": [], "excluded_lines": []}, "AuditEntry.from_json": {"executed_lines": [67, 69, 70, 71, 72, 73], "summary": {"covered_lines": 6, "num_statements": 6, "percent_covered": 100.0, "percent_covered_display": "100", "missing_lines": 0, "excluded_lines": 0}, "missing_lines": [], "excluded_lines": []}, "AuditLogger.__init__": {"executed_lines": [93, 94, 97, 105, 108], "summary": {"covered_lines": 5, "num_statements": 5, "percent_covered": 100.0, "percent_covered_display": "100", "missing_lines": 0, "excluded_lines": 0}, "missing_lines": [], "excluded_lines": []}, "AuditLogger._get_last_hash": {"executed_lines": [112, 113, 114, 116, 117, 119, 120, 121, 122], "summary": {"covered_lines": 9, "num_statements": 12, "percent_covered": 75.0, "percent_covered_display": "75", "missing_lines": 3, "excluded_lines": 0}, "missing_lines": [123, 124, 126], "excluded_lines": []}, "AuditLogger._compute_integrity_hash": {"executed_lines": [134, 135], "summary": {"covered_lines": 2, "num_statements": 2, "percent_covered": 100.0, "percent_covered_display": "100", "missing_lines": 0, "excluded_lines": 0}, "missing_lines": [], "excluded_lines": []}, "AuditLogger.log_compression": {"executed_lines": [151, 152, 155, 157, 159, 174, 177, 180, 182], "summary": {"covered_lines": 9, "num_statements": 9, "percent_covered": 100.0, "percent_covered_display": "100", "missing_lines": 0, "excluded_lines": 0}, "missing_lines": [], "excluded_lines": []}, "AuditLogger.log_ai_output": {"executed_lines": [199, 200, 202, 204, 217, 218, 219, 221], "summary": {"covered_lines": 8, "num_statements": 8, "percent_covered": 100.0, "percent_covered_display": "100", "missing_lines": 0, "excluded_lines": 0}, "missing_lines": [], "excluded_lines": []}, "AuditLogger.log_metadata_only": {"executed_lines": [235, 236, 238, 240, 242, 252, 253, 254, 256], "summary": {"covered_lines": 9, "num_statements": 9, "percent_covered": 100.0, "percent_covered_display": "100", "missing_lines": 0, "excluded_lines": 0}, "missing_lines": [], "excluded_lines": []}, "AuditLogger.log_safety_alert": {"executed_lines": [278, 279, 281, 283, 295, 296, 297, 299], "summary": {"covered_lines": 8, "num_statements": 8, "percent_covered": 100.0, "percent_covered_display": "100", "missing_lines": 0, "excluded_lines": 0}, "missing_lines": [], "excluded_lines": []}, "AuditLogger._write_entry": {"executed_lines": [305, 307, 309, 310], "summary": {"covered_lines": 4, "num_statements": 4, "percent_covered": 100.0, "percent_covered_display": "100", "missing_lines": 0, "excluded_lines": 0}, "missing_lines": [], "excluded_lines": []}, "AuditLogger.verify_integrity": {"executed_lines": [319, 320, 323, 324, 326, 327, 328, 329, 330, 332, 335, 339], "summary": {"covered_lines": 12, "num_statements": 16, "percent_covered": 75.0, "percent_covered_display": "75", "missing_lines": 4, "excluded_lines": 0}, "missing_lines": [321, 333, 336, 337], "excluded_lines": []}, "AuditLogger.get_entries": {"executed_lines": [360, 361, 364, 365, 366, 367, 368, 371, 373, 376, 378, 379, 383], "summary": {"covered_lines": 13, "num_statements": 18, "percent_covered": 72.22222222222223, "percent_covered_display": "72", "missing_lines": 5, "excluded_lines": 0}, "missing_lines": [362, 372, 374, 380, 381], "excluded_lines": []}, "get_audit_logger": {"executed_lines": [393, 394, 395], "summary": {"covered_lines": 3, "num_statements": 3, "percent_covered": 100.0, "percent_covered_display": "100", "missing_lines": 0, "excluded_lines": 0}, "missing_lines": [], "excluded_lines": []}, "reset_audit_logger": {"executed_lines": [401], "summary": {"covered_lines": 1, "num_statements": 1, "percent_covered": 100.0, "percent_covered_display": "100", "missing_lines": 0, "excluded_lines": 0}, "missing_lines": [], "excluded_lines": []}, "": {"executed_lines": [2, 6, 7, 8, 9, 10, 11, 12, 13, 14, 17, 18, 19, 20, 21, 22, 25, 26, 27, 31, 32, 33, 36, 37, 38, 41, 42, 43, 44, 47, 48, 49, 50, 51, 54, 56, 64, 65, 76, 79, 81, 86, 110, 128, 137, 184, 223, 258, 301, 312, 341, 387, 390, 398], "summary": {"covered_lines": 50, "num_statements": 50, "percent_covered": 100.0, "percent_covered_display": "100", "missing_lines": 0, "excluded_lines": 0}, "missing_lines": [], "excluded_lines": []}}, "classes": {"AuditLogType": {"executed_lines": [], "summary": {"covered_lines": 0, "num_statements": 0, "percent_covered": 100.0, "percent_covered_display": "100", "missing_lines": 0, "excluded_lines": 0}, "missing_lines": [], "excluded_lines": []}, "AuditEntry": {"executed_lines": [58, 60, 61, 62, 67, 69, 70, 71, 72, 73], "summary": {"covered_lines": 10, "num_statements": 10, "percent_covered": 100.0, "percent_covered_display": "100", "missing_lines": 0, "excluded_lines": 0}, "missing_lines": [], "excluded_lines": []}, "AuditLogger": {"executed_lines": [93, 94, 97, 105, 108, 112, 113, 114, 116, 117, 119, 120, 121, 122, 134, 135, 151, 152, 155, 157, 159, 174, 177, 180, 182, 199, 200, 202, 204, 217, 218, 219, 221, 235, 236, 238, 240, 242, 252, 253, 254, 256, 278, 279, 281, 283, 295, 296, 297, 299, 305, 307, 309, 310, 319, 320, 323, 324, 326, 327, 328, 329, 330, 332, 335, 339, 360, 361, 364, 365, 366, 367, 368, 371, 373, 376, 378, 379, 383], "summary": {"covered_lines": 79, "num_statements": 91, "percent_covered": 86.81318681318682, "percent_covered_display": "87", "missing_lines": 12, "excluded_lines": 0}, "missing_lines": [123, 124, 126, 321, 333, 336, 337, 362, 372, 374, 380, 381], "excluded_lines": []}, "": {"executed_lines": [2, 6, 7, 8, 9, 10, 11, 12, 13, 14, 17, 18, 19, 20, 21, 22, 25, 26, 27, 31, 32, 33, 36, 37, 38, 41, 42, 43, 44, 47, 48, 49, 50, 51, 54, 56, 64, 65, 76, 79, 81, 86, 110, 128, 137, 184, 223, 258, 301, 312, 341, 387, 390, 393, 394, 395, 398, 401], "summary": {"covered_lines": 54, "num_statements": 54, "percent_covered": 100.0, "percent_covered_display": "100", "missing_lines": 0, "excluded_lines": 0}, "missing_lines": [], "excluded_lines": []}}}, "src/python/aura_compression/audit_layer.py": {"executed_lines": [2, 4, 6, 7, 8, 9, 10, 11, 12, 13, 14, 15, 18, 19, 21, 22, 23, 24, 27, 28, 30, 31, 32, 33, 34, 35, 36, 37, 38, 39, 40, 43, 44, 45, 47, 48, 49, 50, 51, 52, 53, 54, 55, 56, 57, 58, 59, 60, 61, 62, 63, 70, 71, 74, 75, 76, 77, 80, 100, 101, 102, 103, 104, 105, 106, 107, 108, 109, 110, 111, 114, 115, 116, 117, 118, 119, 120, 121, 122, 125, 127, 134, 135, 137, 138, 139, 140, 141, 142, 144, 145, 146, 147, 172, 187, 188, 189, 190, 191, 193, 194, 195, 196, 224, 225, 227, 228, 229, 230, 233, 236, 239, 242, 246, 247, 248, 250, 251, 252, 253, 254, 255, 260, 262, 263, 279, 280, 281, 282, 283, 284, 285, 294, 296, 318, 319, 326, 327, 329, 330, 331, 332, 333, 335, 336, 337, 340, 341, 346, 348, 362, 363, 365, 366, 368, 370, 371, 373, 375, 376, 378, 397, 398, 399, 400, 401, 403, 423, 470, 478, 481, 482, 485], "summary": {"covered_lines": 167, "num_statements": 210, "percent_covered": 79.52380952380952, "percent_covered_display": "80", "missing_lines": 43, "excluded_lines": 0}, "missing_lines": [231, 232, 234, 235, 237, 238, 240, 241, 243, 244, 256, 257, 258, 259, 306, 307, 308, 316, 338, 369, 412, 413, 424, 425, 427, 437, 438, 439, 440, 441, 442, 443, 444, 445, 446, 465, 466, 467, 468, 471, 472, 473, 479], "excluded_lines": [], "functions": {"register_metadata_aliases": {"executed_lines": [75, 76, 77], "summary": {"covered_lines": 3, "num_statements": 3, "percent_covered": 100.0, "percent_covered_display": "100", "missing_lines": 0, "excluded_lines": 0}, "missing_lines": [], "excluded_lines": []}, "compact_metadata": {"executed_lines": [101, 102, 103, 104, 105, 106, 107, 108, 109, 110, 111], "summary": {"covered_lines": 11, "num_statements": 11, "percent_covered": 100.0, "percent_covered_display": "100", "missing_lines": 0, "excluded_lines": 0}, "missing_lines": [], "excluded_lines": []}, "expand_metadata": {"executed_lines": [115, 116, 117, 118, 119, 120, 121, 122], "summary": {"covered_lines": 8, "num_statements": 8, "percent_covered": 100.0, "percent_covered_display": "100", "missing_lines": 0, "excluded_lines": 0}, "missing_lines": [], "excluded_lines": []}, "_iso_utc_now": {"executed_lines": [127], "summary": {"covered_lines": 1, "num_statements": 1, "percent_covered": 100.0, "percent_covered_display": "100", "missing_lines": 0, "excluded_lines": 0}, "missing_lines": [], "excluded_lines": []}, "AuditDatabase.__init__": {"executed_lines": [138, 139, 140, 141, 142], "summary": {"covered_lines": 5, "num_statements": 5, "percent_covered": 100.0, "percent_covered_display": "100", "missing_lines": 0, "excluded_lines": 0}, "missing_lines": [], "excluded_lines": []}, "AuditDatabase._init_schema": {"executed_lines": [145, 146, 147, 172, 187, 188, 189, 190, 191], "summary": {"covered_lines": 9, "num_statements": 9, "percent_covered": 100.0, "percent_covered_display": "100", "missing_lines": 0, "excluded_lines": 0}, "missing_lines": [], "excluded_lines": []}, "AuditDatabase.insert": {"executed_lines": [194, 195, 196, 224, 225], "summary": {"covered_lines": 5, "num_statements": 5, "percent_covered": 100.0, "percent_covered_display": "100", "missing_lines": 0, "excluded_lines": 0}, "missing_lines": [], "excluded_lines": []}, "AuditDatabase.query": {"executed_lines": [228, 229, 230, 233, 236, 239, 242, 246, 247, 248, 250, 251, 252, 253, 254, 255, 260], "summary": {"covered_lines": 17, "num_statements": 31, "percent_covered": 54.83870967741935, "percent_covered_display": "55", "missing_lines": 14, "excluded_lines": 0}, "missing_lines": [231, 232, 234, 235, 237, 238, 240, 241, 243, 244, 256, 257, 258, 259], "excluded_lines": []}, "AuditDatabase.aggregate_metrics": {"executed_lines": [263, 279, 280, 281, 282, 283, 284, 285, 294], "summary": {"covered_lines": 9, "num_statements": 9, "percent_covered": 100.0, "percent_covered_display": "100", "missing_lines": 0, "excluded_lines": 0}, "missing_lines": [], "excluded_lines": []}, "AuditDatabase.insert_security_event": {"executed_lines": [], "summary": {"covered_lines": 0, "num_statements": 4, "percent_covered": 0.0, "percent_covered_display": "0", "missing_lines": 4, "excluded_lines": 0}, "missing_lines": [306, 307, 308, 316], "excluded_lines": []}, "AuditDatabase.close": {"executed_lines": [319], "summary": {"covered_lines": 1, "num_statements": 1, "percent_covered": 100.0, "percent_covered_display": "100", "missing_lines": 0, "excluded_lines": 0}, "missing_lines": [], "excluded_lines": []}, "CompressionAuditor.__init__": {"executed_lines": [330, 331, 332, 333], "summary": {"covered_lines": 4, "num_statements": 4, "percent_covered": 100.0, "percent_covered_display": "100", "missing_lines": 0, "excluded_lines": 0}, "missing_lines": [], "excluded_lines": []}, "CompressionAuditor._load_last_hash": {"executed_lines": [336, 337], "summary": {"covered_lines": 2, "num_statements": 3, "percent_covered": 66.66666666666667, "percent_covered_display": "67", "missing_lines": 1, "excluded_lines": 0}, "missing_lines": [338], "excluded_lines": []}, "CompressionAuditor._compute_hash": {"executed_lines": [341, 346], "summary": {"covered_lines": 2, "num_statements": 2, "percent_covered": 100.0, "percent_covered_display": "100", "missing_lines": 0, "excluded_lines": 0}, "missing_lines": [], "excluded_lines": []}, "CompressionAuditor.log_compression": {"executed_lines": [362, 363, 365, 366, 368, 370, 371, 373, 375, 376, 378, 397, 398, 399, 400, 401], "summary": {"covered_lines": 16, "num_statements": 17, "percent_covered": 94.11764705882354, "percent_covered_display": "94", "missing_lines": 1, "excluded_lines": 0}, "missing_lines": [369], "excluded_lines": []}, "CompressionAuditor.log_security_event": {"executed_lines": [], "summary": {"covered_lines": 0, "num_statements": 2, "percent_covered": 0.0, "percent_covered_display": "0", "missing_lines": 2, "excluded_lines": 0}, "missing_lines": [412, 413], "excluded_lines": []}, "CompressionAuditor.verify_chain": {"executed_lines": [], "summary": {"covered_lines": 0, "num_statements": 17, "percent_covered": 0.0, "percent_covered_display": "0", "missing_lines": 17, "excluded_lines": 0}, "missing_lines": [424, 425, 427, 437, 438, 439, 440, 441, 442, 443, 444, 445, 446, 465, 466, 467, 468], "excluded_lines": []}, "CompressionAuditor.aggregate_metrics": {"executed_lines": [], "summary": {"covered_lines": 0, "num_statements": 3, "percent_covered": 0.0, "percent_covered_display": "0", "missing_lines": 3, "excluded_lines": 0}, "missing_lines": [471, 472, 473], "excluded_lines": []}, "CompressionAuditor.query": {"executed_lines": [], "summary": {"covered_lines": 0, "num_statements": 1, "percent_covered": 0.0, "percent_covered_display": "0", "missing_lines": 1, "excluded_lines": 0}, "missing_lines": [479], "excluded_lines": []}, "CompressionAuditor.close": {"executed_lines": [482], "summary": {"covered_lines": 1, "num_statements": 1, "percent_covered": 100.0, "percent_covered_display": "100", "missing_lines": 0, "excluded_lines": 0}, "missing_lines": [], "excluded_lines": []}, "": {"executed_lines": [2, 4, 6, 7, 8, 9, 10, 11, 12, 13, 14, 15, 18, 19, 21, 22, 23, 24, 27, 28, 30, 31, 32, 33, 34, 35, 36, 37, 38, 39, 40, 43, 44, 45, 47, 48, 49, 50, 51, 52, 53, 54, 55, 56, 57, 58, 59, 60, 61, 62, 63, 70, 71, 74, 80, 100, 114, 125, 134, 135, 137, 144, 193, 227, 262, 296, 318, 326, 327, 329, 335, 340, 348, 403, 423, 470, 478, 481, 485], "summary": {"covered_lines": 73, "num_statements": 73, "percent_covered": 100.0, "percent_covered_display": "100", "missing_lines": 0, "excluded_lines": 0}, "missing_lines": [], "excluded_lines": []}}, "classes": {"AuditLevel": {"executed_lines": [], "summary": {"covered_lines": 0, "num_statements": 0, "percent_covered": 100.0, "percent_covered_display": "100", "missing_lines": 0, "excluded_lines": 0}, "missing_lines": [], "excluded_lines": []}, "CompressionEvent": {"executed_lines": [], "summary": {"covered_lines": 0, "num_statements": 0, "percent_covered": 100.0, "percent_covered_display": "100", "missing_lines": 0, "excluded_lines": 0}, "missing_lines": [], "excluded_lines": []}, "AuditEntry": {"executed_lines": [], "summary": {"covered_lines": 0, "num_statements": 0, "percent_covered": 100.0, "percent_covered_display": "100", "missing_lines": 0, "excluded_lines": 0}, "missing_lines": [], "excluded_lines": []}, "AuditDatabase": {"executed_lines": [138, 139, 140, 141, 142, 145, 146, 147, 172, 187, 188, 189, 190, 191, 194, 195, 196, 224, 225, 228, 229, 230, 233, 236, 239, 242, 246, 247, 248, 250, 251, 252, 253, 254, 255, 260, 263, 279, 280, 281, 282, 283, 284, 285, 294, 319], "summary": {"covered_lines": 46, "num_statements": 64, "percent_covered": 71.875, "percent_covered_display": "72", "missing_lines": 18, "excluded_lines": 0}, "missing_lines": [231, 232, 234, 235, 237, 238, 240, 241, 243, 244, 256, 257, 258, 259, 306, 307, 308, 316], "excluded_lines": []}, "CompressionAuditor": {"executed_lines": [330, 331, 332, 333, 336, 337, 341, 346, 362, 363, 365, 366, 368, 370, 371, 373, 375, 376, 378, 397, 398, 399, 400, 401, 482], "summary": {"covered_lines": 25, "num_statements": 50, "percent_covered": 50.0, "percent_covered_display": "50", "missing_lines": 25, "excluded_lines": 0}, "missing_lines": [338, 369, 412, 413, 424, 425, 427, 437, 438, 439, 440, 441, 442, 443, 444, 445, 446, 465, 466, 467, 468, 471, 472, 473, 479], "excluded_lines": []}, "": {"executed_lines": [2, 4, 6, 7, 8, 9, 10, 11, 12, 13, 14, 15, 18, 19, 21, 22, 23, 24, 27, 28, 30, 31, 32, 33, 34, 35, 36, 37, 38, 39, 40, 43, 44, 45, 47, 48, 49, 50, 51, 52, 53, 54, 55, 56, 57, 58, 59, 60, 61, 62, 63, 70, 71, 74, 75, 76, 77, 80, 100, 101, 102, 103, 104, 105, 106, 107, 108, 109, 110, 111, 114, 115, 116, 117, 118, 119, 120, 121, 122, 125, 127, 134, 135, 137, 144, 193, 227, 262, 296, 318, 326, 327, 329, 335, 340, 348, 403, 423, 470, 478, 481, 485], "summary": {"covered_lines": 96, "num_statements": 96, "percent_covered": 100.0, "percent_covered_display": "100", "missing_lines": 0, "excluded_lines": 0}, "missing_lines": [], "excluded_lines": []}}}, "src/python/aura_compression/audit_service.py": {"executed_lines": [2, 6, 7, 8, 11, 12, 14, 25, 34, 35, 40, 52, 53, 55, 56, 58, 76, 77, 80, 89, 94, 106, 107, 109, 114, 116, 118, 120, 123, 124, 129, 138, 140, 146, 149, 163, 164, 169], "summary": {"covered_lines": 34, "num_statements": 34, "percent_covered": 100.0, "percent_covered_display": "100", "missing_lines": 0, "excluded_lines": 5}, "missing_lines": [], "excluded_lines": [23, 24, 31, 32, 33], "functions": {"AuditServiceInterface.log_compression_event": {"executed_lines": [], "summary": {"covered_lines": 0, "num_statements": 0, "percent_covered": 100.0, "percent_covered_display": "100", "missing_lines": 0, "excluded_lines": 1}, "missing_lines": [], "excluded_lines": [23]}, "AuditServiceInterface.log_metadata_only": {"executed_lines": [], "summary": {"covered_lines": 0, "num_statements": 0, "percent_covered": 100.0, "percent_covered_display": "100", "missing_lines": 0, "excluded_lines": 1}, "missing_lines": [], "excluded_lines": [31]}, "AuditService.__init__": {"executed_lines": [52, 53, 55, 56], "summary": {"covered_lines": 4, "num_statements": 4, "percent_covered": 100.0, "percent_covered_display": "100", "missing_lines": 0, "excluded_lines": 0}, "missing_lines": [], "excluded_lines": []}, "AuditService.log_compression_event": {"executed_lines": [76, 77, 80, 89], "summary": {"covered_lines": 4, "num_statements": 4, "percent_covered": 100.0, "percent_covered_display": "100", "missing_lines": 0, "excluded_lines": 0}, "missing_lines": [], "excluded_lines": []}, "AuditService.log_metadata_only": {"executed_lines": [106, 107, 109], "summary": {"covered_lines": 3, "num_statements": 3, "percent_covered": 100.0, "percent_covered_display": "100", "missing_lines": 0, "excluded_lines": 0}, "missing_lines": [], "excluded_lines": []}, "AuditService.is_enabled": {"executed_lines": [116], "summary": {"covered_lines": 1, "num_statements": 1, "percent_covered": 100.0, "percent_covered_display": "100", "missing_lines": 0, "excluded_lines": 0}, "missing_lines": [], "excluded_lines": []}, "AuditService.get_logger": {"executed_lines": [120], "summary": {"covered_lines": 1, "num_statements": 1, "percent_covered": 100.0, "percent_covered_display": "100", "missing_lines": 0, "excluded_lines": 0}, "missing_lines": [], "excluded_lines": []}, "NoOpAuditService.log_compression_event": {"executed_lines": [138], "summary": {"covered_lines": 1, "num_statements": 1, "percent_covered": 100.0, "percent_covered_display": "100", "missing_lines": 0, "excluded_lines": 0}, "missing_lines": [], "excluded_lines": []}, "NoOpAuditService.log_metadata_only": {"executed_lines": [146], "summary": {"covered_lines": 1, "num_statements": 1, "percent_covered": 100.0, "percent_covered_display": "100", "missing_lines": 0, "excluded_lines": 0}, "missing_lines": [], "excluded_lines": []}, "create_audit_service": {"executed_lines": [163, 164, 169], "summary": {"covered_lines": 3, "num_statements": 3, "percent_covered": 100.0, "percent_covered_display": "100", "missing_lines": 0, "excluded_lines": 0}, "missing_lines": [], "excluded_lines": []}, "": {"executed_lines": [2, 6, 7, 8, 11, 12, 14, 25, 34, 35, 40, 58, 94, 114, 118, 123, 124, 129, 140, 149], "summary": {"covered_lines": 16, "num_statements": 16, "percent_covered": 100.0, "percent_covered_display": "100", "missing_lines": 0, "excluded_lines": 3}, "missing_lines": [], "excluded_lines": [24, 32, 33]}}, "classes": {"AuditServiceInterface": {"executed_lines": [], "summary": {"covered_lines": 0, "num_statements": 0, "percent_covered": 100.0, "percent_covered_display": "100", "missing_lines": 0, "excluded_lines": 2}, "missing_lines": [], "excluded_lines": [23, 31]}, "AuditService": {"executed_lines": [52, 53, 55, 56, 76, 77, 80, 89, 106, 107, 109, 116, 120], "summary": {"covered_lines": 13, "num_statements": 13, "percent_covered": 100.0, "percent_covered_display": "100", "missing_lines": 0, "excluded_lines": 0}, "missing_lines": [], "excluded_lines": []}, "NoOpAuditService": {"executed_lines": [138, 146], "summary": {"covered_lines": 2, "num_statements": 2, "percent_covered": 100.0, "percent_covered_display": "100", "missing_lines": 0, "excluded_lines": 0}, "missing_lines": [], "excluded_lines": []}, "": {"executed_lines": [2, 6, 7, 8, 11, 12, 14, 25, 34, 35, 40, 58, 94, 114, 118, 123, 124, 129, 140, 149, 163, 164, 169], "summary": {"covered_lines": 19, "num_statements": 19, "percent_covered": 100.0, "percent_covered_display": "100", "missing_lines": 0, "excluded_lines": 3}, "missing_lines": [], "excluded_lines": [24, 32, 33]}}}, "src/python/aura_compression/auditable_compressor.py": {"executed_lines": [2, 15, 16, 17, 19, 20, 21, 22, 29, 30, 38, 60, 61, 113, 162, 216, 220, 225, 226, 228, 242, 294, 295, 297, 307, 386], "summary": {"covered_lines": 22, "num_statements": 157, "percent_covered": 14.012738853503185, "percent_covered_display": "14", "missing_lines": 135, "excluded_lines": 0}, "missing_lines": [54, 55, 56, 57, 58, 63, 64, 65, 66, 69, 81, 82, 84, 86, 87, 101, 102, 111, 120, 121, 123, 125, 128, 129, 130, 131, 132, 133, 135, 137, 138, 139, 142, 157, 158, 160, 169, 171, 173, 175, 176, 177, 178, 179, 181, 182, 183, 184, 186, 187, 188, 190, 192, 193, 196, 211, 212, 214, 218, 222, 236, 240, 244, 245, 247, 249, 250, 253, 269, 284, 291, 304, 305, 309, 310, 312, 314, 315, 316, 319, 337, 338, 354, 373, 382, 387, 388, 389, 392, 393, 395, 396, 404, 405, 406, 407, 409, 410, 411, 412, 415, 416, 418, 426, 427, 428, 429, 430, 433, 434, 436, 437, 438, 439, 440, 443, 444, 446, 447, 448, 449, 450, 451, 452, 453, 455, 456, 457, 458, 459, 460, 461, 462, 463, 464], "excluded_lines": [], "functions": {"AuditableCompressor.__init__": {"executed_lines": [], "summary": {"covered_lines": 0, "num_statements": 5, "percent_covered": 0.0, "percent_covered_display": "0", "missing_lines": 5, "excluded_lines": 0}, "missing_lines": [54, 55, 56, 57, 58], "excluded_lines": []}, "AuditableCompressor._audit_operation": {"executed_lines": [], "summary": {"covered_lines": 0, "num_statements": 13, "percent_covered": 0.0, "percent_covered_display": "0", "missing_lines": 13, "excluded_lines": 0}, "missing_lines": [63, 64, 65, 66, 69, 81, 82, 84, 86, 87, 101, 102, 111], "excluded_lines": []}, "AuditableCompressor.compress": {"executed_lines": [], "summary": {"covered_lines": 0, "num_statements": 18, "percent_covered": 0.0, "percent_covered_display": "0", "missing_lines": 18, "excluded_lines": 0}, "missing_lines": [120, 121, 123, 125, 128, 129, 130, 131, 132, 133, 135, 137, 138, 139, 142, 157, 158, 160], "excluded_lines": []}, "AuditableCompressor.decompress": {"executed_lines": [], "summary": {"covered_lines": 0, "num_statements": 22, "percent_covered": 0.0, "percent_covered_display": "0", "missing_lines": 22, "excluded_lines": 0}, "missing_lines": [169, 171, 173, 175, 176, 177, 178, 179, 181, 182, 183, 184, 186, 187, 188, 190, 192, 193, 196, 211, 212, 214], "excluded_lines": []}, "AuditableCompressor.get_audit_stats": {"executed_lines": [], "summary": {"covered_lines": 0, "num_statements": 1, "percent_covered": 0.0, "percent_covered_display": "0", "missing_lines": 1, "excluded_lines": 0}, "missing_lines": [218], "excluded_lines": []}, "AuditableCompressor.verify_integrity": {"executed_lines": [], "summary": {"covered_lines": 0, "num_statements": 1, "percent_covered": 0.0, "percent_covered_display": "0", "missing_lines": 1, "excluded_lines": 0}, "missing_lines": [222], "excluded_lines": []}, "AuditableHeavy.__init__": {"executed_lines": [], "summary": {"covered_lines": 0, "num_statements": 2, "percent_covered": 0.0, "percent_covered_display": "0", "missing_lines": 2, "excluded_lines": 0}, "missing_lines": [236, 240], "excluded_lines": []}, "AuditableHeavy.compress": {"executed_lines": [], "summary": {"covered_lines": 0, "num_statements": 9, "percent_covered": 0.0, "percent_covered_display": "0", "missing_lines": 9, "excluded_lines": 0}, "missing_lines": [244, 245, 247, 249, 250, 253, 269, 284, 291], "excluded_lines": []}, "AuditableAICompressor.__init__": {"executed_lines": [], "summary": {"covered_lines": 0, "num_statements": 2, "percent_covered": 0.0, "percent_covered_display": "0", "missing_lines": 2, "excluded_lines": 0}, "missing_lines": [304, 305], "excluded_lines": []}, "AuditableAICompressor.compress": {"executed_lines": [], "summary": {"covered_lines": 0, "num_statements": 12, "percent_covered": 0.0, "percent_covered_display": "0", "missing_lines": 12, "excluded_lines": 0}, "missing_lines": [309, 310, 312, 314, 315, 316, 319, 337, 338, 354, 373, 382], "excluded_lines": []}, "": {"executed_lines": [2, 15, 16, 17, 19, 20, 21, 22, 29, 30, 38, 60, 61, 113, 162, 216, 220, 225, 226, 228, 242, 294, 295, 297, 307, 386], "summary": {"covered_lines": 22, "num_statements": 72, "percent_covered": 30.555555555555557, "percent_covered_display": "31", "missing_lines": 50, "excluded_lines": 0}, "missing_lines": [387, 388, 389, 392, 393, 395, 396, 404, 405, 406, 407, 409, 410, 411, 412, 415, 416, 418, 426, 427, 428, 429, 430, 433, 434, 436, 437, 438, 439, 440, 443, 444, 446, 447, 448, 449, 450, 451, 452, 453, 455, 456, 457, 458, 459, 460, 461, 462, 463, 464], "excluded_lines": []}}, "classes": {"AuditableCompressor": {"executed_lines": [], "summary": {"covered_lines": 0, "num_statements": 60, "percent_covered": 0.0, "percent_covered_display": "0", "missing_lines": 60, "excluded_lines": 0}, "missing_lines": [54, 55, 56, 57, 58, 63, 64, 65, 66, 69, 81, 82, 84, 86, 87, 101, 102, 111, 120, 121, 123, 125, 128, 129, 130, 131, 132, 133, 135, 137, 138, 139, 142, 157, 158, 160, 169, 171, 173, 175, 176, 177, 178, 179, 181, 182, 183, 184, 186, 187, 188, 190, 192, 193, 196, 211, 212, 214, 218, 222], "excluded_lines": []}, "AuditableHeavy": {"executed_lines": [], "summary": {"covered_lines": 0, "num_statements": 11, "percent_covered": 0.0, "percent_covered_display": "0", "missing_lines": 11, "excluded_lines": 0}, "missing_lines": [236, 240, 244, 245, 247, 249, 250, 253, 269, 284, 291], "excluded_lines": []}, "AuditableAICompressor": {"executed_lines": [], "summary": {"covered_lines": 0, "num_statements": 14, "percent_covered": 0.0, "percent_covered_display": "0", "missing_lines": 14, "excluded_lines": 0}, "missing_lines": [304, 305, 309, 310, 312, 314, 315, 316, 319, 337, 338, 354, 373, 382], "excluded_lines": []}, "": {"executed_lines": [2, 15, 16, 17, 19, 20, 21, 22, 29, 30, 38, 60, 61, 113, 162, 216, 220, 225, 226, 228, 242, 294, 295, 297, 307, 386], "summary": {"covered_lines": 22, "num_statements": 72, "percent_covered": 30.555555555555557, "percent_covered_display": "31", "missing_lines": 50, "excluded_lines": 0}, "missing_lines": [387, 388, 389, 392, 393, 395, 396, 404, 405, 406, 407, 409, 410, 411, 412, 415, 416, 418, 426, 427, 428, 429, 430, 433, 434, 436, 437, 438, 439, 440, 443, 444, 446, 447, 448, 449, 450, 451, 452, 453, 455, 456, 457, 458, 459, 460, 461, 462, 463, 464], "excluded_lines": []}}}, "src/python/aura_compression/aura_heavy.py": {"executed_lines": [2, 20, 21, 22, 23, 24, 25, 26, 28, 31, 32, 34, 35, 36, 37, 40, 41, 44, 47, 48, 49, 50, 51, 52, 53, 54, 55, 58, 59, 80, 81, 84, 85, 86, 88, 102, 103, 104, 107, 108, 111, 112, 114, 116, 127, 128, 131, 132, 133, 134, 136, 138, 140, 142, 143, 144, 147, 148, 149, 151, 153, 154, 155, 156, 158, 163, 165, 167, 183, 192, 193, 195, 198, 199, 200, 202, 203, 206, 207, 208, 211, 212, 213, 225, 239, 249, 250, 253, 256, 261, 265, 269, 271, 273, 274, 279, 281, 282, 287, 289, 296, 298, 311, 443, 481], "summary": {"covered_lines": 101, "num_statements": 161, "percent_covered": 62.732919254658384, "percent_covered_display": "63", "missing_lines": 60, "excluded_lines": 0}, "missing_lines": [150, 152, 160, 179, 181, 262, 294, 318, 445, 483, 484, 485, 487, 490, 491, 492, 493, 494, 495, 496, 497, 498, 501, 502, 503, 504, 505, 506, 507, 508, 509, 512, 513, 514, 515, 516, 517, 518, 519, 520, 523, 524, 525, 527, 528, 529, 531, 532, 533, 535, 536, 537, 538, 540, 541, 542, 543, 544, 545, 546], "excluded_lines": [], "functions": {"AuraHeavy.__init__": {"executed_lines": [102, 103, 104, 107, 108, 111, 112, 114], "summary": {"covered_lines": 8, "num_statements": 8, "percent_covered": 100.0, "percent_covered_display": "100", "missing_lines": 0, "excluded_lines": 0}, "missing_lines": [], "excluded_lines": []}, "AuraHeavy.compress": {"executed_lines": [127, 128, 131, 132, 133, 134, 136], "summary": {"covered_lines": 7, "num_statements": 7, "percent_covered": 100.0, "percent_covered_display": "100", "missing_lines": 0, "excluded_lines": 0}, "missing_lines": [], "excluded_lines": []}, "AuraHeavy._compress_with_aura": {"executed_lines": [140, 142, 143, 144, 147, 148, 149, 151, 153, 154, 155, 156, 158, 163, 165, 167], "summary": {"covered_lines": 16, "num_statements": 21, "percent_covered": 76.19047619047619, "percent_covered_display": "76", "missing_lines": 5, "excluded_lines": 0}, "missing_lines": [150, 152, 160, 179, 181], "excluded_lines": []}, "AuraHeavy._compress_large": {"executed_lines": [192, 193, 195, 198, 199, 200, 202, 203, 206, 207, 208, 211, 212, 213, 225], "summary": {"covered_lines": 15, "num_statements": 15, "percent_covered": 100.0, "percent_covered_display": "100", "missing_lines": 0, "excluded_lines": 0}, "missing_lines": [], "excluded_lines": []}, "AuraHeavy.decompress": {"executed_lines": [249, 250, 253, 256, 261, 265, 269, 271, 273, 274, 279, 281, 282, 287, 289], "summary": {"covered_lines": 15, "num_statements": 17, "percent_covered": 88.23529411764706, "percent_covered_display": "88", "missing_lines": 2, "excluded_lines": 0}, "missing_lines": [262, 294], "excluded_lines": []}, "AuraHeavy.get_stats": {"executed_lines": [298], "summary": {"covered_lines": 1, "num_statements": 1, "percent_covered": 100.0, "percent_covered_display": "100", "missing_lines": 0, "excluded_lines": 0}, "missing_lines": [], "excluded_lines": []}, "generate_client_side_js": {"executed_lines": [], "summary": {"covered_lines": 0, "num_statements": 1, "percent_covered": 0.0, "percent_covered_display": "0", "missing_lines": 1, "excluded_lines": 0}, "missing_lines": [318], "excluded_lines": []}, "generate_npm_package_json": {"executed_lines": [], "summary": {"covered_lines": 0, "num_statements": 1, "percent_covered": 0.0, "percent_covered_display": "0", "missing_lines": 1, "excluded_lines": 0}, "missing_lines": [445], "excluded_lines": []}, "": {"executed_lines": [2, 20, 21, 22, 23, 24, 25, 26, 28, 31, 32, 34, 35, 36, 37, 40, 41, 44, 47, 48, 49, 50, 51, 52, 53, 54, 55, 58, 59, 80, 81, 84, 85, 86, 88, 116, 138, 183, 239, 296, 311, 443, 481], "summary": {"covered_lines": 39, "num_statements": 90, "percent_covered": 43.333333333333336, "percent_covered_display": "43", "missing_lines": 51, "excluded_lines": 0}, "missing_lines": [483, 484, 485, 487, 490, 491, 492, 493, 494, 495, 496, 497, 498, 501, 502, 503, 504, 505, 506, 507, 508, 509, 512, 513, 514, 515, 516, 517, 518, 519, 520, 523, 524, 525, 527, 528, 529, 531, 532, 533, 535, 536, 537, 538, 540, 541, 542, 543, 544, 545, 546], "excluded_lines": []}}, "classes": {"AuraHeavyMethod": {"executed_lines": [], "summary": {"covered_lines": 0, "num_statements": 0, "percent_covered": 100.0, "percent_covered_display": "100", "missing_lines": 0, "excluded_lines": 0}, "missing_lines": [], "excluded_lines": []}, "AuraHeavyResult": {"executed_lines": [], "summary": {"covered_lines": 0, "num_statements": 0, "percent_covered": 100.0, "percent_covered_display": "100", "missing_lines": 0, "excluded_lines": 0}, "missing_lines": [], "excluded_lines": []}, "AuraHeavy": {"executed_lines": [102, 103, 104, 107, 108, 111, 112, 114, 127, 128, 131, 132, 133, 134, 136, 140, 142, 143, 144, 147, 148, 149, 151, 153, 154, 155, 156, 158, 163, 165, 167, 192, 193, 195, 198, 199, 200, 202, 203, 206, 207, 208, 211, 212, 213, 225, 249, 250, 253, 256, 261, 265, 269, 271, 273, 274, 279, 281, 282, 287, 289, 298], "summary": {"covered_lines": 62, "num_statements": 69, "percent_covered": 89.85507246376811, "percent_covered_display": "90", "missing_lines": 7, "excluded_lines": 0}, "missing_lines": [150, 152, 160, 179, 181, 262, 294], "excluded_lines": []}, "": {"executed_lines": [2, 20, 21, 22, 23, 24, 25, 26, 28, 31, 32, 34, 35, 36, 37, 40, 41, 44, 47, 48, 49, 50, 51, 52, 53, 54, 55, 58, 59, 80, 81, 84, 85, 86, 88, 116, 138, 183, 239, 296, 311, 443, 481], "summary": {"covered_lines": 39, "num_statements": 92, "percent_covered": 42.391304347826086, "percent_covered_display": "42", "missing_lines": 53, "excluded_lines": 0}, "missing_lines": [318, 445, 483, 484, 485, 487, 490, 491, 492, 493, 494, 495, 496, 497, 498, 501, 502, 503, 504, 505, 506, 507, 508, 509, 512, 513, 514, 515, 516, 517, 518, 519, 520, 523, 524, 525, 527, 528, 529, 531, 532, 533, 535, 536, 537, 538, 540, 541, 542, 543, 544, 545, 546], "excluded_lines": []}}}, "src/python/aura_compression/auralite/__init__.py": {"executed_lines": [1, 3, 4, 6], "summary": {"covered_lines": 3, "num_statements": 3, "percent_covered": 100.0, "percent_covered_display": "100", "missing_lines": 0, "excluded_lines": 0}, "missing_lines": [], "excluded_lines": [], "functions": {"": {"executed_lines": [1, 3, 4, 6], "summary": {"covered_lines": 3, "num_statements": 3, "percent_covered": 100.0, "percent_covered_display": "100", "missing_lines": 0, "excluded_lines": 0}, "missing_lines": [], "excluded_lines": []}}, "classes": {"": {"executed_lines": [1, 3, 4, 6], "summary": {"covered_lines": 3, "num_statements": 3, "percent_covered": 100.0, "percent_covered_display": "100", "missing_lines": 0, "excluded_lines": 0}, "missing_lines": [], "excluded_lines": []}}}, "src/python/aura_compression/auralite/decoder.py": {"executed_lines": [1, 3, 5, 6, 8, 9, 12, 13, 14, 15, 18, 19, 20, 21, 23, 24, 26, 28, 30, 31, 33, 34, 43, 44, 45, 47, 48, 49, 51, 52, 53, 54, 55, 56, 57, 58, 59, 60, 61, 62, 63, 64, 66, 67, 68, 69, 70, 72, 73, 74, 75, 76, 77, 82, 83], "summary": {"covered_lines": 54, "num_statements": 59, "percent_covered": 91.52542372881356, "percent_covered_display": "92", "missing_lines": 5, "excluded_lines": 0}, "missing_lines": [35, 37, 39, 41, 80], "excluded_lines": [], "functions": {"AuraLiteDecoder.__init__": {"executed_lines": [24], "summary": {"covered_lines": 1, "num_statements": 1, "percent_covered": 100.0, "percent_covered_display": "100", "missing_lines": 0, "excluded_lines": 0}, "missing_lines": [], "excluded_lines": []}, "AuraLiteDecoder.decode": {"executed_lines": [28, 30, 31, 33, 34, 43, 44, 45, 47, 48, 49, 51, 52, 53, 54, 55, 56, 57, 58, 59, 60, 61, 62, 63, 64, 66, 67, 68, 69, 70, 72, 73, 74, 75, 76, 77, 82, 83], "summary": {"covered_lines": 38, "num_statements": 43, "percent_covered": 88.37209302325581, "percent_covered_display": "88", "missing_lines": 5, "excluded_lines": 0}, "missing_lines": [35, 37, 39, 41, 80], "excluded_lines": []}, "": {"executed_lines": [1, 3, 5, 6, 8, 9, 12, 13, 14, 15, 18, 19, 20, 21, 23, 26], "summary": {"covered_lines": 15, "num_statements": 15, "percent_covered": 100.0, "percent_covered_display": "100", "missing_lines": 0, "excluded_lines": 0}, "missing_lines": [], "excluded_lines": []}}, "classes": {"AuraLiteDecoded": {"executed_lines": [], "summary": {"covered_lines": 0, "num_statements": 0, "percent_covered": 100.0, "percent_covered_display": "100", "missing_lines": 0, "excluded_lines": 0}, "missing_lines": [], "excluded_lines": []}, "AuraLiteDecoder": {"executed_lines": [24, 28, 30, 31, 33, 34, 43, 44, 45, 47, 48, 49, 51, 52, 53, 54, 55, 56, 57, 58, 59, 60, 61, 62, 63, 64, 66, 67, 68, 69, 70, 72, 73, 74, 75, 76, 77, 82, 83], "summary": {"covered_lines": 39, "num_statements": 44, "percent_covered": 88.63636363636364, "percent_covered_display": "89", "missing_lines": 5, "excluded_lines": 0}, "missing_lines": [35, 37, 39, 41, 80], "excluded_lines": []}, "": {"executed_lines": [1, 3, 5, 6, 8, 9, 12, 13, 14, 15, 18, 19, 20, 21, 23, 26], "summary": {"covered_lines": 15, "num_statements": 15, "percent_covered": 100.0, "percent_covered_display": "100", "missing_lines": 0, "excluded_lines": 0}, "missing_lines": [], "excluded_lines": []}}}, "src/python/aura_compression/auralite/encoder.py": {"executed_lines": [1, 3, 5, 6, 7, 9, 10, 11, 14, 15, 16, 17, 20, 21, 23, 24, 25, 27, 30, 31, 32, 33, 34, 35, 36, 37, 40, 41, 42, 44, 45, 47, 49, 50, 51, 52, 53, 54, 55, 58, 59, 60, 61, 62, 63, 64, 65, 67, 74, 75, 76, 77, 78, 83, 86, 87, 88, 90, 94, 95, 97, 104, 105, 106, 107, 108, 109, 110, 125, 126, 127, 128, 129, 130, 131, 132, 133, 134, 135, 137, 138, 141, 142, 143, 145, 146, 148, 149, 150, 154, 155, 156, 159, 160, 163, 164, 168, 172, 173, 174, 175, 176, 178, 179, 180, 182, 184, 185, 186, 188, 189, 190, 191, 192, 193, 194, 195, 198, 199, 200, 201, 202, 203, 204, 205, 206, 207, 209, 211, 212, 213, 214, 215, 216, 217, 219, 225], "summary": {"covered_lines": 135, "num_statements": 155, "percent_covered": 87.09677419354838, "percent_covered_display": "87", "missing_lines": 20, "excluded_lines": 0}, "missing_lines": [79, 81, 113, 114, 115, 116, 117, 118, 120, 121, 139, 147, 151, 221, 222, 223, 227, 228, 229, 231], "excluded_lines": [], "functions": {"AuraLiteEncoder.__init__": {"executed_lines": [30, 31, 32, 33, 34, 35, 36, 37, 40, 41, 42], "summary": {"covered_lines": 11, "num_statements": 11, "percent_covered": 100.0, "percent_covered_display": "100", "missing_lines": 0, "excluded_lines": 0}, "missing_lines": [], "excluded_lines": []}, "AuraLiteEncoder._cached_encode": {"executed_lines": [47, 49, 50, 51, 52, 53, 54, 55, 58, 59, 60, 61, 62, 63, 64, 65], "summary": {"covered_lines": 16, "num_statements": 16, "percent_covered": 100.0, "percent_covered_display": "100", "missing_lines": 0, "excluded_lines": 0}, "missing_lines": [], "excluded_lines": []}, "AuraLiteEncoder.encode": {"executed_lines": [74, 75, 76, 77, 78, 83, 86, 87, 88, 90, 94, 95, 97, 104, 105, 106, 107, 108, 109, 110], "summary": {"covered_lines": 20, "num_statements": 30, "percent_covered": 66.66666666666667, "percent_covered_display": "67", "missing_lines": 10, "excluded_lines": 0}, "missing_lines": [79, 81, 113, 114, 115, 116, 117, 118, 120, 121], "excluded_lines": []}, "AuraLiteEncoder._encode_template": {"executed_lines": [126, 127, 128, 129, 130, 131, 132, 133, 134, 135], "summary": {"covered_lines": 10, "num_statements": 10, "percent_covered": 100.0, "percent_covered_display": "100", "missing_lines": 0, "excluded_lines": 0}, "missing_lines": [], "excluded_lines": []}, "AuraLiteEncoder._encode_with_spans": {"executed_lines": [138, 141, 142, 143, 145, 146, 148, 149, 150, 154, 155, 156, 159, 160, 163, 164, 168, 172, 173, 174, 175, 176, 178, 179, 180, 182], "summary": {"covered_lines": 26, "num_statements": 29, "percent_covered": 89.65517241379311, "percent_covered_display": "90", "missing_lines": 3, "excluded_lines": 0}, "missing_lines": [139, 147, 151], "excluded_lines": []}, "AuraLiteEncoder._tokenise": {"executed_lines": [185, 186, 188, 189, 190, 191, 192, 193, 194, 195, 198, 199, 200, 201, 202, 203, 204, 205, 206, 207, 209], "summary": {"covered_lines": 21, "num_statements": 21, "percent_covered": 100.0, "percent_covered_display": "100", "missing_lines": 0, "excluded_lines": 0}, "missing_lines": [], "excluded_lines": []}, "AuraLiteEncoder._longest_dictionary_match": {"executed_lines": [212, 213, 214, 215, 216, 217], "summary": {"covered_lines": 6, "num_statements": 6, "percent_covered": 100.0, "percent_covered_display": "100", "missing_lines": 0, "excluded_lines": 0}, "missing_lines": [], "excluded_lines": []}, "AuraLiteEncoder.clear_cache": {"executed_lines": [], "summary": {"covered_lines": 0, "num_statements": 3, "percent_covered": 0.0, "percent_covered_display": "0", "missing_lines": 3, "excluded_lines": 0}, "missing_lines": [221, 222, 223], "excluded_lines": []}, "AuraLiteEncoder.get_cache_stats": {"executed_lines": [], "summary": {"covered_lines": 0, "num_statements": 4, "percent_covered": 0.0, "percent_covered_display": "0", "missing_lines": 4, "excluded_lines": 0}, "missing_lines": [227, 228, 229, 231], "excluded_lines": []}, "": {"executed_lines": [1, 3, 5, 6, 7, 9, 10, 11, 14, 15, 16, 17, 20, 21, 23, 24, 25, 27, 44, 45, 67, 125, 137, 184, 211, 219, 225], "summary": {"covered_lines": 25, "num_statements": 25, "percent_covered": 100.0, "percent_covered_display": "100", "missing_lines": 0, "excluded_lines": 0}, "missing_lines": [], "excluded_lines": []}}, "classes": {"AuraLiteEncoded": {"executed_lines": [], "summary": {"covered_lines": 0, "num_statements": 0, "percent_covered": 100.0, "percent_covered_display": "100", "missing_lines": 0, "excluded_lines": 0}, "missing_lines": [], "excluded_lines": []}, "AuraLiteEncoder": {"executed_lines": [30, 31, 32, 33, 34, 35, 36, 37, 40, 41, 42, 47, 49, 50, 51, 52, 53, 54, 55, 58, 59, 60, 61, 62, 63, 64, 65, 74, 75, 76, 77, 78, 83, 86, 87, 88, 90, 94, 95, 97, 104, 105, 106, 107, 108, 109, 110, 126, 127, 128, 129, 130, 131, 132, 133, 134, 135, 138, 141, 142, 143, 145, 146, 148, 149, 150, 154, 155, 156, 159, 160, 163, 164, 168, 172, 173, 174, 175, 176, 178, 179, 180, 182, 185, 186, 188, 189, 190, 191, 192, 193, 194, 195, 198, 199, 200, 201, 202, 203, 204, 205, 206, 207, 209, 212, 213, 214, 215, 216, 217], "summary": {"covered_lines": 110, "num_statements": 130, "percent_covered": 84.61538461538461, "percent_covered_display": "85", "missing_lines": 20, "excluded_lines": 0}, "missing_lines": [79, 81, 113, 114, 115, 116, 117, 118, 120, 121, 139, 147, 151, 221, 222, 223, 227, 228, 229, 231], "excluded_lines": []}, "": {"executed_lines": [1, 3, 5, 6, 7, 9, 10, 11, 14, 15, 16, 17, 20, 21, 23, 24, 25, 27, 44, 45, 67, 125, 137, 184, 211, 219, 225], "summary": {"covered_lines": 25, "num_statements": 25, "percent_covered": 100.0, "percent_covered_display": "100", "missing_lines": 0, "excluded_lines": 0}, "missing_lines": [], "excluded_lines": []}}}, "src/python/aura_compression/background_workers.py": {"executed_lines": [2, 6, 7, 8, 9, 10, 11, 13, 14, 17, 18, 23, 45, 46, 47, 48, 49, 50, 60, 66, 67, 69, 76, 79, 80, 81, 82, 85, 87, 89, 90, 91, 142, 197, 199, 202, 208, 209, 210, 211, 212, 213, 217, 219, 226, 227, 228, 231, 232, 234, 238, 241, 244, 245, 263, 267, 269, 270, 271, 272, 274, 276, 289, 300, 310, 321, 322, 327, 330, 367, 374, 377, 406, 413], "summary": {"covered_lines": 71, "num_statements": 187, "percent_covered": 37.967914438502675, "percent_covered_display": "38", "missing_lines": 116, "excluded_lines": 0}, "missing_lines": [61, 62, 63, 64, 93, 94, 97, 99, 103, 106, 107, 108, 109, 110, 111, 113, 114, 116, 125, 126, 130, 135, 137, 138, 140, 144, 147, 148, 149, 151, 157, 159, 161, 162, 163, 164, 166, 167, 168, 169, 171, 175, 176, 178, 179, 181, 182, 183, 185, 188, 191, 192, 193, 195, 214, 215, 235, 236, 246, 248, 249, 250, 251, 252, 254, 255, 256, 257, 258, 259, 260, 264, 265, 278, 280, 281, 282, 283, 284, 287, 291, 292, 293, 295, 296, 297, 298, 302, 303, 305, 306, 307, 308, 312, 328, 340, 342, 343, 349, 350, 353, 354, 355, 356, 357, 358, 360, 369, 370, 395, 396, 402, 403, 409, 410, 415], "excluded_lines": [], "functions": {"TemplateDiscoveryWorker.__init__": {"executed_lines": [45, 46, 47, 48, 49, 50, 60, 66, 67, 69, 76, 79, 80, 81, 82, 85], "summary": {"covered_lines": 16, "num_statements": 20, "percent_covered": 80.0, "percent_covered_display": "80", "missing_lines": 4, "excluded_lines": 0}, "missing_lines": [61, 62, 63, 64], "excluded_lines": []}, "TemplateDiscoveryWorker._load_template_store": {"executed_lines": [89, 90, 91], "summary": {"covered_lines": 3, "num_statements": 24, "percent_covered": 12.5, "percent_covered_display": "12", "missing_lines": 21, "excluded_lines": 0}, "missing_lines": [93, 94, 97, 99, 103, 106, 107, 108, 109, 110, 111, 113, 114, 116, 125, 126, 130, 135, 137, 138, 140], "excluded_lines": []}, "TemplateDiscoveryWorker._save_template_store": {"executed_lines": [], "summary": {"covered_lines": 0, "num_statements": 29, "percent_covered": 0.0, "percent_covered_display": "0", "missing_lines": 29, "excluded_lines": 0}, "missing_lines": [144, 147, 148, 149, 151, 157, 159, 161, 162, 163, 164, 166, 167, 168, 169, 171, 175, 176, 178, 179, 181, 182, 183, 185, 188, 191, 192, 193, 195], "excluded_lines": []}, "TemplateDiscoveryWorker._get_recent_messages": {"executed_lines": [199, 202, 208, 209, 210, 211, 212, 213, 217], "summary": {"covered_lines": 9, "num_statements": 11, "percent_covered": 81.81818181818181, "percent_covered_display": "82", "missing_lines": 2, "excluded_lines": 0}, "missing_lines": [214, 215], "excluded_lines": []}, "TemplateDiscoveryWorker.run_discovery": {"executed_lines": [226, 227, 228, 231, 232, 234, 238, 241, 244, 245, 263, 267, 269, 270, 271, 272, 274], "summary": {"covered_lines": 17, "num_statements": 34, "percent_covered": 50.0, "percent_covered_display": "50", "missing_lines": 17, "excluded_lines": 0}, "missing_lines": [235, 236, 246, 248, 249, 250, 251, 252, 254, 255, 256, 257, 258, 259, 260, 264, 265], "excluded_lines": []}, "TemplateDiscoveryWorker._worker_loop": {"executed_lines": [], "summary": {"covered_lines": 0, "num_statements": 7, "percent_covered": 0.0, "percent_covered_display": "0", "missing_lines": 7, "excluded_lines": 0}, "missing_lines": [278, 280, 281, 282, 283, 284, 287], "excluded_lines": []}, "TemplateDiscoveryWorker.start": {"executed_lines": [], "summary": {"covered_lines": 0, "num_statements": 7, "percent_covered": 0.0, "percent_covered_display": "0", "missing_lines": 7, "excluded_lines": 0}, "missing_lines": [291, 292, 293, 295, 296, 297, 298], "excluded_lines": []}, "TemplateDiscoveryWorker.stop": {"executed_lines": [], "summary": {"covered_lines": 0, "num_statements": 6, "percent_covered": 0.0, "percent_covered_display": "0", "missing_lines": 6, "excluded_lines": 0}, "missing_lines": [302, 303, 305, 306, 
[...]
119, 133, 147], "excluded_lines": [], "functions": {"TemplateDiscovery.__init__": {"executed_lines": [48, 49, 50, 51, 52], "summary": {"covered_lines": 5, "num_statements": 5, "percent_covered": 100.0, "percent_covered_display": "100", "missing_lines": 0, "excluded_lines": 0}, "missing_lines": [], "excluded_lines": []}, "TemplateDiscovery.add_response": {"executed_lines": [55], "summary": {"covered_lines": 1, "num_statements": 1, "percent_covered": 100.0, "percent_covered_display": "100", "missing_lines": 0, "excluded_lines": 0}, "missing_lines": [], "excluded_lines": []}, "TemplateDiscovery.extend_responses": {"executed_lines": [], "summary": {"covered_lines": 0, "num_statements": 2, "percent_covered": 0.0, "percent_covered_display": "0", "missing_lines": 2, "excluded_lines": 0}, "missing_lines": [58, 59], "excluded_lines": []}, "TemplateDiscovery.discover_templates": {"executed_lines": [62, 63, 65, 66, 67, 68, 69, 70, 71, 72, 73, 74, 75, 76, 77, 79, 80, 81, 82, 84, 85, 87, 88, 90, 101, 102], "summary": {"covered_lines": 26, "num_statements": 29, "percent_covered": 89.65517241379311, "percent_covered_display": "90", "missing_lines": 3, "excluded_lines": 0}, "missing_lines": [83, 86, 89], "excluded_lines": []}, "TemplateDiscovery.promote_templates": {"executed_lines": [109, 110, 111, 112, 114, 115, 117, 118, 120, 126, 127, 128], "summary": {"covered_lines": 12, "num_statements": 15, "percent_covered": 80.0, "percent_covered_display": "80", "missing_lines": 3, "excluded_lines": 0}, "missing_lines": [113, 116, 119], "excluded_lines": []}, "TemplateDiscovery._estimate_compression_ratio": {"executed_lines": [132, 134, 135, 136, 137, 138, 139, 140, 141, 142, 143, 144, 145, 146, 150], "summary": {"covered_lines": 15, "num_statements": 17, "percent_covered": 88.23529411764706, "percent_covered_display": "88", "missing_lines": 2, "excluded_lines": 0}, "missing_lines": [133, 147], "excluded_lines": []}, "TemplateDiscovery._estimate_confidence": {"executed_lines": [154, 155, 156], "summary": {"covered_lines": 3, "num_statements": 3, "percent_covered": 100.0, "percent_covered_display": "100", "missing_lines": 0, "excluded_lines": 0}, "missing_lines": [], "excluded_lines": []}, "": {"executed_lines": [1, 3, 5, 6, 7, 10, 11, 12, 14, 15, 16, 17, 18, 19, 22, 23, 32, 41, 54, 57, 61, 104, 130, 131, 152, 153], "summary": {"covered_lines": 23, "num_statements": 23, "percent_covered": 100.0, "percent_covered_display": "100", "missing_lines": 0, "excluded_lines": 0}, "missing_lines": [], "excluded_lines": []}}, "classes": {"TemplateCandidate": {"executed_lines": [], "summary": {"covered_lines": 0, "num_statements": 0, "percent_covered": 100.0, "percent_covered_display": "100", "missing_lines": 0, "excluded_lines": 0}, "missing_lines": [], "excluded_lines": []}, "TemplateDiscovery": {"executed_lines": [48, 49, 50, 51, 52, 55, 62, 63, 65, 66, 67, 68, 69, 70, 71, 72, 73, 74, 75, 76, 77, 79, 80, 81, 82, 84, 85, 87, 88, 90, 101, 102, 109, 110, 111, 112, 114, 115, 117, 118, 120, 126, 127, 128, 132, 134, 135, 136, 137, 138, 139, 140, 141, 142, 143, 144, 145, 146, 150, 154, 155, 156], "summary": {"covered_lines": 62, "num_statements": 72, "percent_covered": 86.11111111111111, "percent_covered_display": "86", "missing_lines": 10, "excluded_lines": 0}, "missing_lines": [58, 59, 83, 86, 89, 113, 116, 119, 133, 147], "excluded_lines": []}, "": {"executed_lines": [1, 3, 5, 6, 7, 10, 11, 12, 14, 15, 16, 17, 18, 19, 22, 23, 32, 41, 54, 57, 61, 104, 130, 131, 152, 153], "summary": {"covered_lines": 23, "num_statements": 23, "percent_covered": 100.0, "percent_covered_display": "100", "missing_lines": 0, "excluded_lines": 0}, "missing_lines": [], "excluded_lines": []}}}, "tools/packages/aura-compressor-py/src/aura_compressor/lib/template_manager.py": {"executed_lines": [1, 3, 5, 6, 7, 9, 10, 13, 16, 17, 18, 20, 21, 22, 23, 24, 25, 26, 28, 29, 30, 31, 32, 33, 34, 35, 37, 38, 39, 40, 41, 42, 43, 44, 46, 47, 48, 49, 51, 52, 53, 54, 55, 57, 58, 59, 60, 61, 64, 65, 67, 77, 86, 87, 88, 89, 91, 92, 93, 100, 103, 104, 111, 112, 113, 114, 116, 118, 126, 127, 128, 129, 130, 133, 141, 143, 150, 151, 152, 154, 161, 163, 164, 166, 167, 170, 171, 172, 173, 174, 176, 179, 185, 186, 187, 188, 190, 191, 192, 194, 195, 196, 197, 198, 200, 203, 207, 208, 214, 219, 222, 223, 224, 225, 226, 228, 229, 230, 231, 234, 235, 240, 242], "summary": {"covered_lines": 120, "num_statements": 146, "percent_covered": 82.1917808219178, "percent_covered_display": "82", "missing_lines": 26, "excluded_lines": 0}, "missing_lines": [56, 115, 117, 131, 142, 162, 165, 168, 175, 177, 199, 201, 204, 205, 215, 216, 221, 232, 243, 244, 245, 246, 247, 248, 249, 250], "excluded_lines": [], "functions": {"TemplateRecord.__post_init__": {"executed_lines": [29, 30, 31, 32, 33, 34, 35], "summary": {"covered_lines": 7, "num_statements": 7, "percent_covered": 100.0, "percent_covered_display": "100", "missing_lines": 0, "excluded_lines": 0}, "missing_lines": [], "excluded_lines": []}, "TemplateRecord._pattern_to_regex": {"executed_lines": [39, 40, 41, 42, 43, 44, 46, 47, 48, 49], "summary": {"covered_lines": 10, "num_statements": 10, "percent_covered": 100.0, "percent_covered_display": "100", "missing_lines": 0, "excluded_lines": 0}, "missing_lines": [], "excluded_lines": []}, "TemplateRecord.match": {"executed_lines": [52, 53, 54, 55, 57, 58, 59, 60, 61], "summary": {"covered_lines": 9, "num_statements": 10, "percent_covered": 90.0, "percent_covered_display": "90", "missing_lines": 1, "excluded_lines": 0}, "missing_lines": [56], "excluded_lines": []}, "TemplateManager.__init__": {"executed_lines": [86, 87, 88, 89, 91, 92, 93, 100, 103, 104, 111, 112, 113, 114, 116, 118], "summary": {"covered_lines": 16, "num_statements": 18, "percent_covered": 88.88888888888889, "percent_covered_display": "89", "missing_lines": 2, "excluded_lines": 0}, "missing_lines": [115, 117], "excluded_lines": []}, "TemplateManager.match_template": {"executed_lines": [127, 128, 129, 130], "summary": {"covered_lines": 4, "num_statements": 5, "percent_covered": 80.0, "percent_covered_display": "80", "missing_lines": 1, "excluded_lines": 0}, "missing_lines": [131], "excluded_lines": []}, "TemplateManager.add_template": {"executed_lines": [141, 143, 150, 151, 152], "summary": {"covered_lines": 5, "num_statements": 6, "percent_covered": 83.33333333333333, "percent_covered_display": "83", "missing_lines": 1, "excluded_lines": 0}, "missing_lines": [142], "excluded_lines": []}, "TemplateManager.add_generated_template": {"executed_lines": [161, 163, 164, 166, 167], "summary": {"covered_lines": 5, "num_statements": 8, "percent_covered": 62.5, "percent_covered_display": "62", "missing_lines": 3, "excluded_lines": 0}, "missing_lines": [162, 165, 168], "excluded_lines": []}, "TemplateManager.remove_template": {"executed_lines": [171, 172, 173, 174, 176], "summary": {"covered_lines": 5, "num_statements": 7, "percent_covered": 71.42857142857143, "percent_covered_display": "71", "missing_lines": 2, "excluded_lines": 0}, "missing_lines": [175, 177], "excluded_lines": []}, "TemplateManager.record_compression": {"executed_lines": [185, 186, 187, 188, 190, 191, 192], "summary": {"covered_lines": 7, "num_statements": 7, "percent_covered": 100.0, "percent_covered_display": "100", "missing_lines": 0, "excluded_lines": 0}, "missing_lines": [], "excluded_lines": []}, "TemplateManager.record_response": {"executed_lines": [195, 196, 197, 198, 200], "summary": {"covered_lines": 5, "num_statements": 7, "percent_covered": 71.42857142857143, "percent_covered_display": "71", "missing_lines": 2, "excluded_lines": 0}, "missing_lines": [199, 201], "excluded_lines": []}, "TemplateManager.extend_responses": {"executed_lines": [], "summary": {"covered_lines": 0, "num_statements": 2, "percent_covered": 0.0, "percent_covered_display": "0", "missing_lines": 2, "excluded_lines": 0}, "missing_lines": [204, 205], "excluded_lines": []}, "TemplateManager.get_statistics": {"executed_lines": [208], "summary": {"covered_lines": 1, "num_statements": 1, "percent_covered": 100.0, "percent_covered_display": "100", "missing_lines": 0, "excluded_lines": 0}, "missing_lines": [], "excluded_lines": []}, "TemplateManager.clear_statistics": {"executed_lines": [], "summary": {"covered_lines": 0, "num_statements": 2, "percent_covered": 0.0, "percent_covered_display": "0", "missing_lines": 2, "excluded_lines": 0}, "missing_lines": [215, 216], "excluded_lines": []}, "TemplateManager.run_discovery": {"executed_lines": [], "summary": {"covered_lines": 0, "num_statements": 1, "percent_covered": 0.0, "percent_covered_display": "0", "missing_lines": 1, "excluded_lines": 0}, "missing_lines": [221], "excluded_lines": []}, "TemplateManager.find_template_by_pattern": {"executed_lines": [223, 224, 225, 226], "summary": {"covered_lines": 4, "num_statements": 4, "percent_covered": 100.0, "percent_covered_display": "100", "missing_lines": 0, "excluded_lines": 0}, "missing_lines": [], "excluded_lines": []}, "TemplateManager._allocate_template_id": {"executed_lines": [229, 230, 231], "summary": {"covered_lines": 3, "num_statements": 4, "percent_covered": 75.0, "percent_covered_display": "75", "missing_lines": 1, "excluded_lines": 0}, "missing_lines": [232], "excluded_lines": []}, "TemplateManager._persist_dynamic_templates": {"executed_lines": [235, 240], "summary": {"covered_lines": 2, "num_statements": 2, "percent_covered": 100.0, "percent_covered_display": "100", "missing_lines": 0, "excluded_lines": 0}, "missing_lines": [], "excluded_lines": []}, "TemplateManager._run_auto_discovery": {"executed_lines": [], "summary": {"covered_lines": 0, "num_statements": 8, "percent_covered": 0.0, "percent_covered_display": "0", "missing_lines": 8, "excluded_lines": 0}, "missing_lines": [243, 244, 245, 246, 247, 248, 249, 250], "excluded_lines": []}, "": {"executed_lines": [1, 3, 5, 6, 7, 9, 10, 13, 16, 17, 18, 20, 21, 22, 23, 24, 25, 26, 28, 37, 38, 51, 64, 65, 67, 77, 126, 133, 154, 170, 179, 194, 203, 207, 214, 219, 222, 228, 234, 242], "summary": {"covered_lines": 37, "num_statements": 37, "percent_covered": 100.0, "percent_covered_display": "100", "missing_lines": 0, "excluded_lines": 0}, "missing_lines": [], "excluded_lines": []}}, "classes": {"TemplateRecord": {"executed_lines": [29, 30, 31, 32, 33, 34, 35, 39, 40, 41, 42, 43, 44, 46, 47, 48, 49, 52, 53, 54, 55, 57, 58, 59, 60, 61], "summary": {"covered_lines": 26, "num_statements": 27, "percent_covered": 96.29629629629629, "percent_covered_display": "96", "missing_lines": 1, "excluded_lines": 0}, "missing_lines": [56], "excluded_lines": []}, "TemplateManager": {"executed_lines": [86, 87, 88, 89, 91, 92, 93, 100, 103, 104, 111, 112, 113, 114, 116, 118, 127, 128, 129, 130, 141, 143, 150, 151, 152, 161, 163, 164, 166, 167, 171, 172, 173, 174, 176, 185, 186, 187, 188, 190, 191, 192, 195, 196, 197, 198, 200, 208, 223, 224, 225, 226, 229, 230, 231, 235, 240], "summary": {"covered_lines": 57, "num_statements": 82, "percent_covered": 69.51219512195122, "percent_covered_display": "70", "missing_lines": 25, "excluded_lines": 0}, "missing_lines": [115, 117, 131, 142, 162, 165, 168, 175, 177, 199, 201, 204, 205, 215, 216, 221, 232, 243, 244, 245, 246, 247, 248, 249, 250], "excluded_lines": []}, "": {"executed_lines": [1, 3, 5, 6, 7, 9, 10, 13, 16, 17, 18, 20, 21, 22, 23, 24, 25, 26, 28, 37, 38, 51, 64, 65, 67, 77, 126, 133, 154, 170, 179, 194, 203, 207, 214, 219, 222, 228, 234, 242], "summary": {"covered_lines": 37, "num_statements": 37, "percent_covered": 100.0, "percent_covered_display": "100", "missing_lines": 0, "excluded_lines": 0}, "missing_lines": [], "excluded_lines": []}}}, "tools/packages/aura-compressor-py/src/aura_compressor/lib/template_store.py": {"executed_lines": [1, 3, 5, 6, 7, 10, 11, 13, 14, 15, 17, 18, 19, 20, 21, 24, 26, 27, 28, 30, 32, 33, 35, 36, 37, 38, 47, 49], "summary": {"covered_lines": 26, "num_statements": 33, "percent_covered": 78.78787878787878, "percent_covered_display": "79", "missing_lines": 7, "excluded_lines": 0}, "missing_lines": [22, 23, 25, 29, 31, 50, 51], "excluded_lines": [], "functions": {"TemplateStore.__init__": {"executed_lines": [14, 15], "summary": {"covered_lines": 2, "num_statements": 2, "percent_covered": 100.0, "percent_covered_display": "100", "missing_lines": 0, "excluded_lines": 0}, "missing_lines": [], "excluded_lines": []}, "TemplateStore.load_all": {"executed_lines": [18, 19, 20, 21, 24, 26, 27, 28, 30, 32, 33], "summary": {"covered_lines": 11, "num_statements": 16, "percent_covered": 68.75, "percent_covered_display": "69", "missing_lines": 5, "excluded_lines": 0}, "missing_lines": [22, 23, 25, 29, 31], "excluded_lines": []}, "TemplateStore.save": {"executed_lines": [36, 37, 38, 47], "summary": {"covered_lines": 4, "num_statements": 4, "percent_covered": 100.0, "percent_covered_display": "100", "missing_lines": 0, "excluded_lines": 0}, "missing_lines": [], "excluded_lines": []}, "TemplateStore.delete": {"executed_lines": [], "summary": {"covered_lines": 0, "num_statements": 2, "percent_covered": 0.0, "percent_covered_display": "0", "missing_lines": 2, "excluded_lines": 0}, "missing_lines": [50, 51], "excluded_lines": []}, "": {"executed_lines": [1, 3, 5, 6, 7, 10, 11, 13, 17, 35, 49], "summary": {"covered_lines": 9, "num_statements": 9, "percent_covered": 100.0, "percent_covered_display": "100", "missing_lines": 0, "excluded_lines": 0}, "missing_lines": [], "excluded_lines": []}}, "classes": {"TemplateStore": {"executed_lines": [14, 15, 18, 19, 20, 21, 24, 26, 27, 28, 30, 32, 33, 36, 37, 38, 47], "summary": {"covered_lines": 17, "num_statements": 24, "percent_covered": 70.83333333333333, "percent_covered_display": "71", "missing_lines": 7, "excluded_lines": 0}, "missing_lines": [22, 23, 25, 29, 31, 50, 51], "excluded_lines": []}, "": {"executed_lines": [1, 3, 5, 6, 7, 10, 11, 13, 17, 35, 49], "summary": {"covered_lines": 9, "num_statements": 9, "percent_covered": 100.0, "percent_covered_display": "100", "missing_lines": 0, "excluded_lines": 0}, "missing_lines": [], "excluded_lines": []}}}, "tools/packages/aura-compressor-py/src/aura_compressor/streamer.py": {"executed_lines": [1, 3, 5, 6, 7, 9, 10, 13, 14, 15, 16, 17, 20, 21, 29, 34, 35, 36, 38, 39, 40, 41, 42, 43, 44, 46, 47, 58, 59, 60, 61, 62, 64, 65, 66, 67, 68, 69, 70, 83, 84, 85, 87, 90, 91, 92, 94, 95, 96, 98, 99, 101, 103, 104, 105, 107, 108, 109, 110, 112, 113, 115, 116, 117, 119, 120, 121, 123, 125, 126, 154, 155, 192, 198, 199], "summary": {"covered_lines": 73, "num_statements": 155, "percent_covered": 47.096774193548384, "percent_covered_display": "47", "missing_lines": 82, "excluded_lines": 0}, "missing_lines": [45, 49, 50, 51, 52, 53, 54, 55, 56, 63, 72, 73, 74, 75, 76, 78, 79, 81, 86, 88, 97, 106, 114, 118, 127, 128, 130, 131, 132, 133, 134, 135, 137, 138, 139, 141, 142, 143, 144, 145, 146, 147, 148, 149, 150, 152, 156, 157, 158, 159, 161, 162, 163, 164, 165, 166, 167, 168, 169, 171, 172, 173, 174, 175, 177, 178, 179, 180, 181, 182, 183, 184, 185, 186, 187, 188, 190, 193, 194, 195, 196, 200], "excluded_lines": [], "functions": {"AuraStreamSession.__init__": {"executed_lines": [34, 35, 36], "summary": {"covered_lines": 3, "num_statements": 3, "percent_covered": 100.0, "percent_covered_display": "100", "missing_lines": 0, "excluded_lines": 0}, "missing_lines": [], "excluded_lines": []}, "AuraStreamSession.encode_message": {"executed_lines": [39, 40, 41, 42, 43, 44, 46, 47], "summary": {"covered_lines": 8, "num_statements": 17, "percent_covered": 47.05882352941177, "percent_covered_display": "47", "missing_lines": 9, "excluded_lines": 0}, "missing_lines": [45, 49, 50, 51, 52, 53, 54, 55, 56], "excluded_lines": []}, "AuraStreamSession.decode_message": {"executed_lines": [59, 60, 61, 62, 64, 65, 66, 67, 68, 69, 70], "summary": {"covered_lines": 11, "num_statements": 20, "percent_covered": 55.0, "percent_covered_display": "55", "missing_lines": 9, "excluded_lines": 0}, "missing_lines": [63, 72, 73, 74, 75, 76, 78, 79, 81], "excluded_lines": []}, "AuraStreamSession._encode_template_payload": {"executed_lines": [85, 87, 90, 91, 92, 94, 95, 96, 98, 99, 101], "summary": {"covered_lines": 11, "num_statements": 14, "percent_covered": 78.57142857142857, "percent_covered_display": "79", "missing_lines": 3, "excluded_lines": 0}, "missing_lines": [86, 88, 97], "excluded_lines": []}, "AuraStreamSession._decode_template_payload": {"executed_lines": [105, 107, 108, 109, 110, 112, 113, 115, 116, 117, 119, 120, 121, 123], "summary": {"covered_lines": 14, "num_statements": 17, "percent_covered": 82.3529411764706, "percent_covered_display": "82", "missing_lines": 3, "excluded_lines": 0}, "missing_lines": [106, 114, 118], "excluded_lines": []}, "AuraStreamSession._encode_tokenized_payload": {"executed_lines": [], "summary": {"covered_lines": 0, "num_statements": 22, "percent_covered": 0.0, "percent_covered_display": "0", "missing_lines": 22, "excluded_lines": 0}, "missing_lines": [127, 128, 130, 131, 132, 133, 134, 135, 137, 138, 139, 141, 142, 143, 144, 145, 146, 147, 148, 149, 150, 152], "excluded_lines": []}, "AuraStreamSession._decode_tokenized_payload": {"executed_lines": [], "summary": {"covered_lines": 0, "num_statements": 31, "percent_covered": 0.0, "percent_covered_display": "0", "missing_lines": 31, "excluded_lines": 0}, "missing_lines": [156, 157, 158, 159, 161, 162, 163, 164, 165, 166, 167, 168, 169, 171, 172, 173, 174, 175, 177, 178, 179, 180, 181, 182, 183, 184, 185, 186, 187, 188, 190], "excluded_lines": []}, "AuraStreamSession._restore_tokenizer": {"executed_lines": [], "summary": {"covered_lines": 0, "num_statements": 4, "percent_covered": 0.0, "percent_covered_display": "0", "missing_lines": 4, "excluded_lines": 0}, "missing_lines": [193, 194, 195, 196], "excluded_lines": []}, "AuraStreamSession._build_plain_message": {"executed_lines": [], "summary": {"covered_lines": 0, "num_statements": 1, "percent_covered": 0.0, "percent_covered_display": "0", "missing_lines": 1, "excluded_lines": 0}, "missing_lines": [200], "excluded_lines": []}, "": {"executed_lines": [1, 3, 5, 6, 7, 9, 10, 13, 14, 15, 16, 17, 20, 21, 29, 38, 58, 83, 84, 103, 104, 125, 126, 154, 155, 192, 198, 199], "summary": {"covered_lines": 26, "num_statements": 26, "percent_covered": 100.0, "percent_covered_display": "100", "missing_lines": 0, "excluded_lines": 0}, "missing_lines": [], "excluded_lines": []}}, "classes": {"EncodedMessage": {"executed_lines": [], "summary": {"covered_lines": 0, "num_statements": 0, "percent_covered": 100.0, "percent_covered_display": "100", "missing_lines": 0, "excluded_lines": 0}, "missing_lines": [], "excluded_lines": []}, "AuraStreamSession": {"executed_lines": [34, 35, 36, 39, 40, 41, 42, 43, 44, 46, 47, 59, 60, 61, 62, 64, 65, 66, 67, 68, 69, 70, 85, 87, 90, 91, 92, 94, 95, 96, 98, 99, 101, 105, 107, 108, 109, 110, 112, 113, 115, 116, 117, 119, 120, 121, 123], "summary": {"covered_lines": 47, "num_statements": 129, "percent_covered": 36.434108527131784, "percent_covered_display": "36", "missing_lines": 82, "excluded_lines": 0}, "missing_lines": [45, 49, 50, 51, 52, 53, 54, 55, 56, 63, 72, 73, 74, 75, 76, 78, 79, 81, 86, 88, 97, 106, 114, 118, 127, 128, 130, 131, 132, 133, 134, 135, 137, 138, 139, 141, 142, 143, 144, 145, 146, 147, 148, 149, 150, 152, 156, 157, 158, 159, 161, 162, 163, 164, 165, 166, 167, 168, 169, 171, 172, 173, 174, 175, 177, 178, 179, 180, 181, 182, 183, 184, 185, 186, 187, 188, 190, 193, 194, 195, 196, 200], "excluded_lines": []}, "": {"executed_lines": [1, 3, 5, 6, 7, 9, 10, 13, 14, 15, 16, 17, 20, 21, 29, 38, 58, 83, 84, 103, 104, 125, 126, 154, 155, 192, 198, 199], "summary": {"covered_lines": 26, "num_statements": 26, "percent_covered": 100.0, "percent_covered_display": "100", "missing_lines": 0, "excluded_lines": 0}, "missing_lines": [], "excluded_lines": []}}}}, "totals": {"covered_lines": 6382, "num_statements": 11752, "percent_covered": 54.30565010211028, "percent_covered_display": "54", "missing_lines": 5370, "excluded_lines": 49}}